DEBUG - 2025-04-24 00:10:54 --> Session: Class initialized using 'CodeIgniter\Session\Handlers\FileHandler' driver.
DEBUG - 2025-04-24 00:10:58 --> Session: Class initialized using 'CodeIgniter\Session\Handlers\FileHandler' driver.
DEBUG - 2025-04-24 00:11:05 --> Session: Class initialized using 'CodeIgniter\Session\Handlers\FileHandler' driver.
DEBUG - 2025-04-24 00:55:27 --> Session: Class initialized using 'CodeIgniter\Session\Handlers\FileHandler' driver.
DEBUG - 2025-04-24 00:57:30 --> Session: Class initialized using 'CodeIgniter\Session\Handlers\FileHandler' driver.
DEBUG - 2025-04-24 00:57:45 --> Session: Class initialized using 'CodeIgniter\Session\Handlers\FileHandler' driver.
DEBUG - 2025-04-24 00:58:34 --> Session: Class initialized using 'CodeIgniter\Session\Handlers\FileHandler' driver.
DEBUG - 2025-04-24 00:58:37 --> Session: Class initialized using 'CodeIgniter\Session\Handlers\FileHandler' driver.
DEBUG - 2025-04-24 00:59:23 --> Session: Class initialized using 'CodeIgniter\Session\Handlers\FileHandler' driver.
DEBUG - 2025-04-24 00:59:41 --> Session: Class initialized using 'CodeIgniter\Session\Handlers\FileHandler' driver.
DEBUG - 2025-04-24 00:59:57 --> Session: Class initialized using 'CodeIgniter\Session\Handlers\FileHandler' driver.
DEBUG - 2025-04-24 01:00:11 --> Session: Class initialized using 'CodeIgniter\Session\Handlers\FileHandler' driver.
DEBUG - 2025-04-24 01:00:51 --> Session: Class initialized using 'CodeIgniter\Session\Handlers\FileHandler' driver.
DEBUG - 2025-04-24 01:00:54 --> Session: Class initialized using 'CodeIgniter\Session\Handlers\FileHandler' driver.
DEBUG - 2025-04-24 01:16:32 --> Session: Class initialized using 'CodeIgniter\Session\Handlers\FileHandler' driver.
DEBUG - 2025-04-24 01:16:34 --> Session: Class initialized using 'CodeIgniter\Session\Handlers\FileHandler' driver.
DEBUG - 2025-04-24 01:16:39 --> Session: Class initialized using 'CodeIgniter\Session\Handlers\FileHandler' driver.
DEBUG - 2025-04-24 01:16:43 --> Session: Class initialized using 'CodeIgniter\Session\Handlers\FileHandler' driver.
DEBUG - 2025-04-24 01:16:54 --> Session: Class initialized using 'CodeIgniter\Session\Handlers\FileHandler' driver.
DEBUG - 2025-04-24 01:16:56 --> Session: Class initialized using 'CodeIgniter\Session\Handlers\FileHandler' driver.
DEBUG - 2025-04-24 01:16:58 --> Session: Class initialized using 'CodeIgniter\Session\Handlers\FileHandler' driver.
DEBUG - 2025-04-24 01:17:23 --> Session: Class initialized using 'CodeIgniter\Session\Handlers\FileHandler' driver.
ERROR - 2025-04-24 01:20:45 --> mysqli_sql_exception: Table 'usuarios' already exists in /home/aluno/Área de trabalho/webserver/www/codeigniter4/system/Database/MySQLi/Connection.php:327
Stack trace:
#0 /home/aluno/Área de trabalho/webserver/www/codeigniter4/system/Database/MySQLi/Connection.php(327): mysqli->query()
#1 /home/aluno/Área de trabalho/webserver/www/codeigniter4/system/Database/BaseConnection.php(738): CodeIgniter\Database\MySQLi\Connection->execute()
#2 /home/aluno/Área de trabalho/webserver/www/codeigniter4/system/Database/BaseConnection.php(652): CodeIgniter\Database\BaseConnection->simpleQuery()
#3 /home/aluno/Área de trabalho/webserver/www/codeigniter4/system/Database/Forge.php(570): CodeIgniter\Database\BaseConnection->query()
#4 /home/aluno/Área de trabalho/webserver/www/codeigniter4/app/Database/Migrations/2025-04-23-000003_Usuarios.php(72): CodeIgniter\Database\Forge->createTable()
#5 /home/aluno/Área de trabalho/webserver/www/codeigniter4/system/Database/MigrationRunner.php(866): App\Database\Migrations\Usuarios->up()
#6 /home/aluno/Área de trabalho/webserver/www/codeigniter4/system/Database/MigrationRunner.php(182): CodeIgniter\Database\MigrationRunner->migrate()
#7 /home/aluno/Área de trabalho/webserver/www/codeigniter4/system/Commands/Database/Migrate.php(85): CodeIgniter\Database\MigrationRunner->latest()
#8 /home/aluno/Área de trabalho/webserver/www/codeigniter4/system/CLI/Commands.php(70): CodeIgniter\Commands\Database\Migrate->run()
#9 /home/aluno/Área de trabalho/webserver/www/codeigniter4/system/CLI/BaseCommand.php(119): CodeIgniter\CLI\Commands->run()
#10 /home/aluno/Área de trabalho/webserver/www/codeigniter4/system/Commands/Database/MigrateRefresh.php(87): CodeIgniter\CLI\BaseCommand->call()
#11 /home/aluno/Área de trabalho/webserver/www/codeigniter4/system/CLI/Commands.php(70): CodeIgniter\Commands\Database\MigrateRefresh->run()
#12 /home/aluno/Área de trabalho/webserver/www/codeigniter4/system/CLI/Console.php(48): CodeIgniter\CLI\Commands->run()
#13 /home/aluno/Área de trabalho/webserver/www/codeigniter4/system/Boot.php(360): CodeIgniter\CLI\Console->run()
#14 /home/aluno/Área de trabalho/webserver/www/codeigniter4/system/Boot.php(104): CodeIgniter\Boot::runCommand()
#15 /home/aluno/Área de trabalho/webserver/www/codeigniter4/spark(84): CodeIgniter\Boot::bootSpark()
#16 {main}
DEBUG - 2025-04-24 01:24:16 --> Session: Class initialized using 'CodeIgniter\Session\Handlers\FileHandler' driver.
DEBUG - 2025-04-24 01:24:18 --> Session: Class initialized using 'CodeIgniter\Session\Handlers\FileHandler' driver.
DEBUG - 2025-04-24 01:24:39 --> Session: Class initialized using 'CodeIgniter\Session\Handlers\FileHandler' driver.
