DEBUG - 2025-04-17 00:37:17 --> Session: Class initialized using 'CodeIgniter\Session\Handlers\FileHandler' driver.
DEBUG - 2025-04-17 00:37:36 --> Session: Class initialized using 'CodeIgniter\Session\Handlers\FileHandler' driver.
CRITICAL - 2025-04-17 00:40:50 --> ErrorException: Undefined array key "imgprodutos_link"
[Method: POST, Route: imgprodutos/update]
in APPPATH/Controllers/Imgprodutos.php on line 143.
 1 APPPATH/Controllers/Imgprodutos.php(143): CodeIgniter\Debug\Exceptions->errorHandler()
 2 SYSTEMPATH/CodeIgniter.php(933): App\Controllers\Imgprodutos->update()
 3 SYSTEMPATH/CodeIgniter.php(507): CodeIgniter\CodeIgniter->runController()
 4 SYSTEMPATH/CodeIgniter.php(354): CodeIgniter\CodeIgniter->handleRequest()
 5 SYSTEMPATH/Boot.php(334): CodeIgniter\CodeIgniter->run()
 6 SYSTEMPATH/Boot.php(67): CodeIgniter\Boot::runCodeIgniter()
 7 FCPATH/index.php(56): CodeIgniter\Boot::bootWeb()
 8 SYSTEMPATH/rewrite.php(44): require_once('/home/aluno/Área de trabalho/webserver/www/codeigniter4/public/index.php')
DEBUG - 2025-04-17 00:46:14 --> Session: Class initialized using 'CodeIgniter\Session\Handlers\FileHandler' driver.
CRITICAL - 2025-04-17 00:46:38 --> ErrorException: Undefined array key "imgprodutos_link"
[Method: POST, Route: imgprodutos/update]
in APPPATH/Controllers/Imgprodutos.php on line 143.
 1 APPPATH/Controllers/Imgprodutos.php(143): CodeIgniter\Debug\Exceptions->errorHandler()
 2 SYSTEMPATH/CodeIgniter.php(933): App\Controllers\Imgprodutos->update()
 3 SYSTEMPATH/CodeIgniter.php(507): CodeIgniter\CodeIgniter->runController()
 4 SYSTEMPATH/CodeIgniter.php(354): CodeIgniter\CodeIgniter->handleRequest()
 5 SYSTEMPATH/Boot.php(334): CodeIgniter\CodeIgniter->run()
 6 SYSTEMPATH/Boot.php(67): CodeIgniter\Boot::runCodeIgniter()
 7 FCPATH/index.php(56): CodeIgniter\Boot::bootWeb()
 8 SYSTEMPATH/rewrite.php(44): require_once('/home/aluno/Área de trabalho/webserver/www/codeigniter4/public/index.php')
DEBUG - 2025-04-17 00:47:58 --> Session: Class initialized using 'CodeIgniter\Session\Handlers\FileHandler' driver.
