ERROR - 2025-06-05 00:37:49 --> Error connecting to the database: mysqli_sql_exception: Access denied for user 'root'@'localhost' in /var/www/html/codeigniter4/system/Database/MySQLi/Connection.php:201
Stack trace:
#0 /var/www/html/codeigniter4/system/Database/MySQLi/Connection.php(201): mysqli->real_connect()
#1 /var/www/html/codeigniter4/system/Database/BaseConnection.php(421): CodeIgniter\Database\MySQLi\Connection->connect()
#2 /var/www/html/codeigniter4/system/Database/BaseConnection.php(620): CodeIgniter\Database\BaseConnection->initialize()
#3 /var/www/html/codeigniter4/system/Database/BaseBuilder.php(1649): CodeIgniter\Database\BaseConnection->query()
#4 /var/www/html/codeigniter4/system/Model.php(286): CodeIgniter\Database\BaseBuilder->get()
#5 /var/www/html/codeigniter4/system/BaseModel.php(675): CodeIgniter\Model->doFindAll()
#6 /var/www/html/codeigniter4/app/Controllers/Home.php(25): CodeIgniter\BaseModel->findAll()
#7 /var/www/html/codeigniter4/system/CodeIgniter.php(933): App\Controllers\Home->index()
#8 /var/www/html/codeigniter4/system/CodeIgniter.php(507): CodeIgniter\CodeIgniter->runController()
#9 /var/www/html/codeigniter4/system/CodeIgniter.php(354): CodeIgniter\CodeIgniter->handleRequest()
#10 /var/www/html/codeigniter4/system/Boot.php(334): CodeIgniter\CodeIgniter->run()
#11 /var/www/html/codeigniter4/system/Boot.php(67): CodeIgniter\Boot::runCodeIgniter()
#12 /var/www/html/codeigniter4/public/index.php(56): CodeIgniter\Boot::bootWeb()
#13 /var/www/html/codeigniter4/system/rewrite.php(44): require_once('...')
#14 {main}

Next CodeIgniter\Database\Exceptions\DatabaseException: Access denied for user '****'@'localhost' in /var/www/html/codeigniter4/system/Database/MySQLi/Connection.php:246
Stack trace:
#0 /var/www/html/codeigniter4/system/Database/BaseConnection.php(421): CodeIgniter\Database\MySQLi\Connection->connect()
#1 /var/www/html/codeigniter4/system/Database/BaseConnection.php(620): CodeIgniter\Database\BaseConnection->initialize()
#2 /var/www/html/codeigniter4/system/Database/BaseBuilder.php(1649): CodeIgniter\Database\BaseConnection->query()
#3 /var/www/html/codeigniter4/system/Model.php(286): CodeIgniter\Database\BaseBuilder->get()
#4 /var/www/html/codeigniter4/system/BaseModel.php(675): CodeIgniter\Model->doFindAll()
#5 /var/www/html/codeigniter4/app/Controllers/Home.php(25): CodeIgniter\BaseModel->findAll()
#6 /var/www/html/codeigniter4/system/CodeIgniter.php(933): App\Controllers\Home->index()
#7 /var/www/html/codeigniter4/system/CodeIgniter.php(507): CodeIgniter\CodeIgniter->runController()
#8 /var/www/html/codeigniter4/system/CodeIgniter.php(354): CodeIgniter\CodeIgniter->handleRequest()
#9 /var/www/html/codeigniter4/system/Boot.php(334): CodeIgniter\CodeIgniter->run()
#10 /var/www/html/codeigniter4/system/Boot.php(67): CodeIgniter\Boot::runCodeIgniter()
#11 /var/www/html/codeigniter4/public/index.php(56): CodeIgniter\Boot::bootWeb()
#12 /var/www/html/codeigniter4/system/rewrite.php(44): require_once('...')
#13 {main}
CRITICAL - 2025-06-05 00:37:49 --> CodeIgniter\Database\Exceptions\DatabaseException: Unable to connect to the database.
Main connection [MySQLi]: Access denied for user '****'@'localhost'
[Method: GET, Route: /]
in SYSTEMPATH/Database/BaseConnection.php on line 467.
 1 SYSTEMPATH/Database/BaseConnection.php(620): CodeIgniter\Database\BaseConnection->initialize()
 2 SYSTEMPATH/Database/BaseBuilder.php(1649): CodeIgniter\Database\BaseConnection->query()
 3 SYSTEMPATH/Model.php(286): CodeIgniter\Database\BaseBuilder->get()
 4 SYSTEMPATH/BaseModel.php(675): CodeIgniter\Model->doFindAll()
 5 APPPATH/Controllers/Home.php(25): CodeIgniter\BaseModel->findAll()
 6 SYSTEMPATH/CodeIgniter.php(933): App\Controllers\Home->index()
 7 SYSTEMPATH/CodeIgniter.php(507): CodeIgniter\CodeIgniter->runController()
 8 SYSTEMPATH/CodeIgniter.php(354): CodeIgniter\CodeIgniter->handleRequest()
 9 SYSTEMPATH/Boot.php(334): CodeIgniter\CodeIgniter->run()
10 SYSTEMPATH/Boot.php(67): CodeIgniter\Boot::runCodeIgniter()
11 FCPATH/index.php(56): CodeIgniter\Boot::bootWeb()
12 SYSTEMPATH/rewrite.php(44): require_once('/var/www/html/codeigniter4/public/index.php')
ERROR - 2025-06-05 00:42:05 --> Error connecting to the database: mysqli_sql_exception: Access denied for user 'root'@'localhost' in /var/www/html/codeigniter4/system/Database/MySQLi/Connection.php:201
Stack trace:
#0 /var/www/html/codeigniter4/system/Database/MySQLi/Connection.php(201): mysqli->real_connect()
#1 /var/www/html/codeigniter4/system/Database/BaseConnection.php(421): CodeIgniter\Database\MySQLi\Connection->connect()
#2 /var/www/html/codeigniter4/system/Database/BaseConnection.php(620): CodeIgniter\Database\BaseConnection->initialize()
#3 /var/www/html/codeigniter4/system/Database/BaseBuilder.php(1649): CodeIgniter\Database\BaseConnection->query()
#4 /var/www/html/codeigniter4/system/Model.php(286): CodeIgniter\Database\BaseBuilder->get()
#5 /var/www/html/codeigniter4/system/BaseModel.php(675): CodeIgniter\Model->doFindAll()
#6 /var/www/html/codeigniter4/app/Controllers/Home.php(25): CodeIgniter\BaseModel->findAll()
#7 /var/www/html/codeigniter4/system/CodeIgniter.php(933): App\Controllers\Home->index()
#8 /var/www/html/codeigniter4/system/CodeIgniter.php(507): CodeIgniter\CodeIgniter->runController()
#9 /var/www/html/codeigniter4/system/CodeIgniter.php(354): CodeIgniter\CodeIgniter->handleRequest()
#10 /var/www/html/codeigniter4/system/Boot.php(334): CodeIgniter\CodeIgniter->run()
#11 /var/www/html/codeigniter4/system/Boot.php(67): CodeIgniter\Boot::runCodeIgniter()
#12 /var/www/html/codeigniter4/public/index.php(56): CodeIgniter\Boot::bootWeb()
#13 /var/www/html/codeigniter4/system/rewrite.php(44): require_once('...')
#14 {main}

Next CodeIgniter\Database\Exceptions\DatabaseException: Access denied for user '****'@'localhost' in /var/www/html/codeigniter4/system/Database/MySQLi/Connection.php:246
Stack trace:
#0 /var/www/html/codeigniter4/system/Database/BaseConnection.php(421): CodeIgniter\Database\MySQLi\Connection->connect()
#1 /var/www/html/codeigniter4/system/Database/BaseConnection.php(620): CodeIgniter\Database\BaseConnection->initialize()
#2 /var/www/html/codeigniter4/system/Database/BaseBuilder.php(1649): CodeIgniter\Database\BaseConnection->query()
#3 /var/www/html/codeigniter4/system/Model.php(286): CodeIgniter\Database\BaseBuilder->get()
#4 /var/www/html/codeigniter4/system/BaseModel.php(675): CodeIgniter\Model->doFindAll()
#5 /var/www/html/codeigniter4/app/Controllers/Home.php(25): CodeIgniter\BaseModel->findAll()
#6 /var/www/html/codeigniter4/system/CodeIgniter.php(933): App\Controllers\Home->index()
#7 /var/www/html/codeigniter4/system/CodeIgniter.php(507): CodeIgniter\CodeIgniter->runController()
#8 /var/www/html/codeigniter4/system/CodeIgniter.php(354): CodeIgniter\CodeIgniter->handleRequest()
#9 /var/www/html/codeigniter4/system/Boot.php(334): CodeIgniter\CodeIgniter->run()
#10 /var/www/html/codeigniter4/system/Boot.php(67): CodeIgniter\Boot::runCodeIgniter()
#11 /var/www/html/codeigniter4/public/index.php(56): CodeIgniter\Boot::bootWeb()
#12 /var/www/html/codeigniter4/system/rewrite.php(44): require_once('...')
#13 {main}
CRITICAL - 2025-06-05 00:42:05 --> CodeIgniter\Database\Exceptions\DatabaseException: Unable to connect to the database.
Main connection [MySQLi]: Access denied for user '****'@'localhost'
[Method: GET, Route: /]
in SYSTEMPATH/Database/BaseConnection.php on line 467.
 1 SYSTEMPATH/Database/BaseConnection.php(620): CodeIgniter\Database\BaseConnection->initialize()
 2 SYSTEMPATH/Database/BaseBuilder.php(1649): CodeIgniter\Database\BaseConnection->query()
 3 SYSTEMPATH/Model.php(286): CodeIgniter\Database\BaseBuilder->get()
 4 SYSTEMPATH/BaseModel.php(675): CodeIgniter\Model->doFindAll()
 5 APPPATH/Controllers/Home.php(25): CodeIgniter\BaseModel->findAll()
 6 SYSTEMPATH/CodeIgniter.php(933): App\Controllers\Home->index()
 7 SYSTEMPATH/CodeIgniter.php(507): CodeIgniter\CodeIgniter->runController()
 8 SYSTEMPATH/CodeIgniter.php(354): CodeIgniter\CodeIgniter->handleRequest()
 9 SYSTEMPATH/Boot.php(334): CodeIgniter\CodeIgniter->run()
10 SYSTEMPATH/Boot.php(67): CodeIgniter\Boot::runCodeIgniter()
11 FCPATH/index.php(56): CodeIgniter\Boot::bootWeb()
12 SYSTEMPATH/rewrite.php(44): require_once('/var/www/html/codeigniter4/public/index.php')
ERROR - 2025-06-05 00:42:05 --> Error connecting to the database: mysqli_sql_exception: Access denied for user 'root'@'localhost' in /var/www/html/codeigniter4/system/Database/MySQLi/Connection.php:201
Stack trace:
#0 /var/www/html/codeigniter4/system/Database/MySQLi/Connection.php(201): mysqli->real_connect()
#1 /var/www/html/codeigniter4/system/Database/BaseConnection.php(421): CodeIgniter\Database\MySQLi\Connection->connect()
#2 /var/www/html/codeigniter4/system/Database/BaseConnection.php(620): CodeIgniter\Database\BaseConnection->initialize()
#3 /var/www/html/codeigniter4/system/Database/BaseBuilder.php(1649): CodeIgniter\Database\BaseConnection->query()
#4 /var/www/html/codeigniter4/system/Model.php(286): CodeIgniter\Database\BaseBuilder->get()
#5 /var/www/html/codeigniter4/system/BaseModel.php(675): CodeIgniter\Model->doFindAll()
#6 /var/www/html/codeigniter4/app/Controllers/Home.php(25): CodeIgniter\BaseModel->findAll()
#7 /var/www/html/codeigniter4/system/CodeIgniter.php(933): App\Controllers\Home->index()
#8 /var/www/html/codeigniter4/system/CodeIgniter.php(507): CodeIgniter\CodeIgniter->runController()
#9 /var/www/html/codeigniter4/system/CodeIgniter.php(354): CodeIgniter\CodeIgniter->handleRequest()
#10 /var/www/html/codeigniter4/system/Boot.php(334): CodeIgniter\CodeIgniter->run()
#11 /var/www/html/codeigniter4/system/Boot.php(67): CodeIgniter\Boot::runCodeIgniter()
#12 /var/www/html/codeigniter4/public/index.php(56): CodeIgniter\Boot::bootWeb()
#13 /var/www/html/codeigniter4/system/rewrite.php(44): require_once('...')
#14 {main}

Next CodeIgniter\Database\Exceptions\DatabaseException: Access denied for user '****'@'localhost' in /var/www/html/codeigniter4/system/Database/MySQLi/Connection.php:246
Stack trace:
#0 /var/www/html/codeigniter4/system/Database/BaseConnection.php(421): CodeIgniter\Database\MySQLi\Connection->connect()
#1 /var/www/html/codeigniter4/system/Database/BaseConnection.php(620): CodeIgniter\Database\BaseConnection->initialize()
#2 /var/www/html/codeigniter4/system/Database/BaseBuilder.php(1649): CodeIgniter\Database\BaseConnection->query()
#3 /var/www/html/codeigniter4/system/Model.php(286): CodeIgniter\Database\BaseBuilder->get()
#4 /var/www/html/codeigniter4/system/BaseModel.php(675): CodeIgniter\Model->doFindAll()
#5 /var/www/html/codeigniter4/app/Controllers/Home.php(25): CodeIgniter\BaseModel->findAll()
#6 /var/www/html/codeigniter4/system/CodeIgniter.php(933): App\Controllers\Home->index()
#7 /var/www/html/codeigniter4/system/CodeIgniter.php(507): CodeIgniter\CodeIgniter->runController()
#8 /var/www/html/codeigniter4/system/CodeIgniter.php(354): CodeIgniter\CodeIgniter->handleRequest()
#9 /var/www/html/codeigniter4/system/Boot.php(334): CodeIgniter\CodeIgniter->run()
#10 /var/www/html/codeigniter4/system/Boot.php(67): CodeIgniter\Boot::runCodeIgniter()
#11 /var/www/html/codeigniter4/public/index.php(56): CodeIgniter\Boot::bootWeb()
#12 /var/www/html/codeigniter4/system/rewrite.php(44): require_once('...')
#13 {main}
CRITICAL - 2025-06-05 00:42:05 --> CodeIgniter\Database\Exceptions\DatabaseException: Unable to connect to the database.
Main connection [MySQLi]: Access denied for user '****'@'localhost'
[Method: GET, Route: /]
in SYSTEMPATH/Database/BaseConnection.php on line 467.
 1 SYSTEMPATH/Database/BaseConnection.php(620): CodeIgniter\Database\BaseConnection->initialize()
 2 SYSTEMPATH/Database/BaseBuilder.php(1649): CodeIgniter\Database\BaseConnection->query()
 3 SYSTEMPATH/Model.php(286): CodeIgniter\Database\BaseBuilder->get()
 4 SYSTEMPATH/BaseModel.php(675): CodeIgniter\Model->doFindAll()
 5 APPPATH/Controllers/Home.php(25): CodeIgniter\BaseModel->findAll()
 6 SYSTEMPATH/CodeIgniter.php(933): App\Controllers\Home->index()
 7 SYSTEMPATH/CodeIgniter.php(507): CodeIgniter\CodeIgniter->runController()
 8 SYSTEMPATH/CodeIgniter.php(354): CodeIgniter\CodeIgniter->handleRequest()
 9 SYSTEMPATH/Boot.php(334): CodeIgniter\CodeIgniter->run()
10 SYSTEMPATH/Boot.php(67): CodeIgniter\Boot::runCodeIgniter()
11 FCPATH/index.php(56): CodeIgniter\Boot::bootWeb()
12 SYSTEMPATH/rewrite.php(44): require_once('/var/www/html/codeigniter4/public/index.php')
ERROR - 2025-06-05 00:42:34 --> Error connecting to the database: mysqli_sql_exception: Access denied for user 'root'@'localhost' in /var/www/html/codeigniter4/system/Database/MySQLi/Connection.php:201
Stack trace:
#0 /var/www/html/codeigniter4/system/Database/MySQLi/Connection.php(201): mysqli->real_connect()
#1 /var/www/html/codeigniter4/system/Database/BaseConnection.php(421): CodeIgniter\Database\MySQLi\Connection->connect()
#2 /var/www/html/codeigniter4/system/Database/BaseConnection.php(620): CodeIgniter\Database\BaseConnection->initialize()
#3 /var/www/html/codeigniter4/system/Database/BaseBuilder.php(1649): CodeIgniter\Database\BaseConnection->query()
#4 /var/www/html/codeigniter4/system/Model.php(286): CodeIgniter\Database\BaseBuilder->get()
#5 /var/www/html/codeigniter4/system/BaseModel.php(675): CodeIgniter\Model->doFindAll()
#6 /var/www/html/codeigniter4/app/Controllers/Home.php(25): CodeIgniter\BaseModel->findAll()
#7 /var/www/html/codeigniter4/system/CodeIgniter.php(933): App\Controllers\Home->index()
#8 /var/www/html/codeigniter4/system/CodeIgniter.php(507): CodeIgniter\CodeIgniter->runController()
#9 /var/www/html/codeigniter4/system/CodeIgniter.php(354): CodeIgniter\CodeIgniter->handleRequest()
#10 /var/www/html/codeigniter4/system/Boot.php(334): CodeIgniter\CodeIgniter->run()
#11 /var/www/html/codeigniter4/system/Boot.php(67): CodeIgniter\Boot::runCodeIgniter()
#12 /var/www/html/codeigniter4/public/index.php(56): CodeIgniter\Boot::bootWeb()
#13 /var/www/html/codeigniter4/system/rewrite.php(44): require_once('...')
#14 {main}

Next CodeIgniter\Database\Exceptions\DatabaseException: Access denied for user '****'@'localhost' in /var/www/html/codeigniter4/system/Database/MySQLi/Connection.php:246
Stack trace:
#0 /var/www/html/codeigniter4/system/Database/BaseConnection.php(421): CodeIgniter\Database\MySQLi\Connection->connect()
#1 /var/www/html/codeigniter4/system/Database/BaseConnection.php(620): CodeIgniter\Database\BaseConnection->initialize()
#2 /var/www/html/codeigniter4/system/Database/BaseBuilder.php(1649): CodeIgniter\Database\BaseConnection->query()
#3 /var/www/html/codeigniter4/system/Model.php(286): CodeIgniter\Database\BaseBuilder->get()
#4 /var/www/html/codeigniter4/system/BaseModel.php(675): CodeIgniter\Model->doFindAll()
#5 /var/www/html/codeigniter4/app/Controllers/Home.php(25): CodeIgniter\BaseModel->findAll()
#6 /var/www/html/codeigniter4/system/CodeIgniter.php(933): App\Controllers\Home->index()
#7 /var/www/html/codeigniter4/system/CodeIgniter.php(507): CodeIgniter\CodeIgniter->runController()
#8 /var/www/html/codeigniter4/system/CodeIgniter.php(354): CodeIgniter\CodeIgniter->handleRequest()
#9 /var/www/html/codeigniter4/system/Boot.php(334): CodeIgniter\CodeIgniter->run()
#10 /var/www/html/codeigniter4/system/Boot.php(67): CodeIgniter\Boot::runCodeIgniter()
#11 /var/www/html/codeigniter4/public/index.php(56): CodeIgniter\Boot::bootWeb()
#12 /var/www/html/codeigniter4/system/rewrite.php(44): require_once('...')
#13 {main}
CRITICAL - 2025-06-05 00:42:34 --> CodeIgniter\Database\Exceptions\DatabaseException: Unable to connect to the database.
Main connection [MySQLi]: Access denied for user '****'@'localhost'
[Method: GET, Route: /]
in SYSTEMPATH/Database/BaseConnection.php on line 467.
 1 SYSTEMPATH/Database/BaseConnection.php(620): CodeIgniter\Database\BaseConnection->initialize()
 2 SYSTEMPATH/Database/BaseBuilder.php(1649): CodeIgniter\Database\BaseConnection->query()
 3 SYSTEMPATH/Model.php(286): CodeIgniter\Database\BaseBuilder->get()
 4 SYSTEMPATH/BaseModel.php(675): CodeIgniter\Model->doFindAll()
 5 APPPATH/Controllers/Home.php(25): CodeIgniter\BaseModel->findAll()
 6 SYSTEMPATH/CodeIgniter.php(933): App\Controllers\Home->index()
 7 SYSTEMPATH/CodeIgniter.php(507): CodeIgniter\CodeIgniter->runController()
 8 SYSTEMPATH/CodeIgniter.php(354): CodeIgniter\CodeIgniter->handleRequest()
 9 SYSTEMPATH/Boot.php(334): CodeIgniter\CodeIgniter->run()
10 SYSTEMPATH/Boot.php(67): CodeIgniter\Boot::runCodeIgniter()
11 FCPATH/index.php(56): CodeIgniter\Boot::bootWeb()
12 SYSTEMPATH/rewrite.php(44): require_once('/var/www/html/codeigniter4/public/index.php')
ERROR - 2025-06-05 00:42:35 --> Error connecting to the database: mysqli_sql_exception: Access denied for user 'root'@'localhost' in /var/www/html/codeigniter4/system/Database/MySQLi/Connection.php:201
Stack trace:
#0 /var/www/html/codeigniter4/system/Database/MySQLi/Connection.php(201): mysqli->real_connect()
#1 /var/www/html/codeigniter4/system/Database/BaseConnection.php(421): CodeIgniter\Database\MySQLi\Connection->connect()
#2 /var/www/html/codeigniter4/system/Database/BaseConnection.php(620): CodeIgniter\Database\BaseConnection->initialize()
#3 /var/www/html/codeigniter4/system/Database/BaseBuilder.php(1649): CodeIgniter\Database\BaseConnection->query()
#4 /var/www/html/codeigniter4/system/Model.php(286): CodeIgniter\Database\BaseBuilder->get()
#5 /var/www/html/codeigniter4/system/BaseModel.php(675): CodeIgniter\Model->doFindAll()
#6 /var/www/html/codeigniter4/app/Controllers/Home.php(25): CodeIgniter\BaseModel->findAll()
#7 /var/www/html/codeigniter4/system/CodeIgniter.php(933): App\Controllers\Home->index()
#8 /var/www/html/codeigniter4/system/CodeIgniter.php(507): CodeIgniter\CodeIgniter->runController()
#9 /var/www/html/codeigniter4/system/CodeIgniter.php(354): CodeIgniter\CodeIgniter->handleRequest()
#10 /var/www/html/codeigniter4/system/Boot.php(334): CodeIgniter\CodeIgniter->run()
#11 /var/www/html/codeigniter4/system/Boot.php(67): CodeIgniter\Boot::runCodeIgniter()
#12 /var/www/html/codeigniter4/public/index.php(56): CodeIgniter\Boot::bootWeb()
#13 /var/www/html/codeigniter4/system/rewrite.php(44): require_once('...')
#14 {main}

Next CodeIgniter\Database\Exceptions\DatabaseException: Access denied for user '****'@'localhost' in /var/www/html/codeigniter4/system/Database/MySQLi/Connection.php:246
Stack trace:
#0 /var/www/html/codeigniter4/system/Database/BaseConnection.php(421): CodeIgniter\Database\MySQLi\Connection->connect()
#1 /var/www/html/codeigniter4/system/Database/BaseConnection.php(620): CodeIgniter\Database\BaseConnection->initialize()
#2 /var/www/html/codeigniter4/system/Database/BaseBuilder.php(1649): CodeIgniter\Database\BaseConnection->query()
#3 /var/www/html/codeigniter4/system/Model.php(286): CodeIgniter\Database\BaseBuilder->get()
#4 /var/www/html/codeigniter4/system/BaseModel.php(675): CodeIgniter\Model->doFindAll()
#5 /var/www/html/codeigniter4/app/Controllers/Home.php(25): CodeIgniter\BaseModel->findAll()
#6 /var/www/html/codeigniter4/system/CodeIgniter.php(933): App\Controllers\Home->index()
#7 /var/www/html/codeigniter4/system/CodeIgniter.php(507): CodeIgniter\CodeIgniter->runController()
#8 /var/www/html/codeigniter4/system/CodeIgniter.php(354): CodeIgniter\CodeIgniter->handleRequest()
#9 /var/www/html/codeigniter4/system/Boot.php(334): CodeIgniter\CodeIgniter->run()
#10 /var/www/html/codeigniter4/system/Boot.php(67): CodeIgniter\Boot::runCodeIgniter()
#11 /var/www/html/codeigniter4/public/index.php(56): CodeIgniter\Boot::bootWeb()
#12 /var/www/html/codeigniter4/system/rewrite.php(44): require_once('...')
#13 {main}
CRITICAL - 2025-06-05 00:42:35 --> CodeIgniter\Database\Exceptions\DatabaseException: Unable to connect to the database.
Main connection [MySQLi]: Access denied for user '****'@'localhost'
[Method: GET, Route: /]
in SYSTEMPATH/Database/BaseConnection.php on line 467.
 1 SYSTEMPATH/Database/BaseConnection.php(620): CodeIgniter\Database\BaseConnection->initialize()
 2 SYSTEMPATH/Database/BaseBuilder.php(1649): CodeIgniter\Database\BaseConnection->query()
 3 SYSTEMPATH/Model.php(286): CodeIgniter\Database\BaseBuilder->get()
 4 SYSTEMPATH/BaseModel.php(675): CodeIgniter\Model->doFindAll()
 5 APPPATH/Controllers/Home.php(25): CodeIgniter\BaseModel->findAll()
 6 SYSTEMPATH/CodeIgniter.php(933): App\Controllers\Home->index()
 7 SYSTEMPATH/CodeIgniter.php(507): CodeIgniter\CodeIgniter->runController()
 8 SYSTEMPATH/CodeIgniter.php(354): CodeIgniter\CodeIgniter->handleRequest()
 9 SYSTEMPATH/Boot.php(334): CodeIgniter\CodeIgniter->run()
10 SYSTEMPATH/Boot.php(67): CodeIgniter\Boot::runCodeIgniter()
11 FCPATH/index.php(56): CodeIgniter\Boot::bootWeb()
12 SYSTEMPATH/rewrite.php(44): require_once('/var/www/html/codeigniter4/public/index.php')
ERROR - 2025-06-05 00:42:35 --> Error connecting to the database: mysqli_sql_exception: Access denied for user 'root'@'localhost' in /var/www/html/codeigniter4/system/Database/MySQLi/Connection.php:201
Stack trace:
#0 /var/www/html/codeigniter4/system/Database/MySQLi/Connection.php(201): mysqli->real_connect()
#1 /var/www/html/codeigniter4/system/Database/BaseConnection.php(421): CodeIgniter\Database\MySQLi\Connection->connect()
#2 /var/www/html/codeigniter4/system/Database/BaseConnection.php(620): CodeIgniter\Database\BaseConnection->initialize()
#3 /var/www/html/codeigniter4/system/Database/BaseBuilder.php(1649): CodeIgniter\Database\BaseConnection->query()
#4 /var/www/html/codeigniter4/system/Model.php(286): CodeIgniter\Database\BaseBuilder->get()
#5 /var/www/html/codeigniter4/system/BaseModel.php(675): CodeIgniter\Model->doFindAll()
#6 /var/www/html/codeigniter4/app/Controllers/Home.php(25): CodeIgniter\BaseModel->findAll()
#7 /var/www/html/codeigniter4/system/CodeIgniter.php(933): App\Controllers\Home->index()
#8 /var/www/html/codeigniter4/system/CodeIgniter.php(507): CodeIgniter\CodeIgniter->runController()
#9 /var/www/html/codeigniter4/system/CodeIgniter.php(354): CodeIgniter\CodeIgniter->handleRequest()
#10 /var/www/html/codeigniter4/system/Boot.php(334): CodeIgniter\CodeIgniter->run()
#11 /var/www/html/codeigniter4/system/Boot.php(67): CodeIgniter\Boot::runCodeIgniter()
#12 /var/www/html/codeigniter4/public/index.php(56): CodeIgniter\Boot::bootWeb()
#13 /var/www/html/codeigniter4/system/rewrite.php(44): require_once('...')
#14 {main}

Next CodeIgniter\Database\Exceptions\DatabaseException: Access denied for user '****'@'localhost' in /var/www/html/codeigniter4/system/Database/MySQLi/Connection.php:246
Stack trace:
#0 /var/www/html/codeigniter4/system/Database/BaseConnection.php(421): CodeIgniter\Database\MySQLi\Connection->connect()
#1 /var/www/html/codeigniter4/system/Database/BaseConnection.php(620): CodeIgniter\Database\BaseConnection->initialize()
#2 /var/www/html/codeigniter4/system/Database/BaseBuilder.php(1649): CodeIgniter\Database\BaseConnection->query()
#3 /var/www/html/codeigniter4/system/Model.php(286): CodeIgniter\Database\BaseBuilder->get()
#4 /var/www/html/codeigniter4/system/BaseModel.php(675): CodeIgniter\Model->doFindAll()
#5 /var/www/html/codeigniter4/app/Controllers/Home.php(25): CodeIgniter\BaseModel->findAll()
#6 /var/www/html/codeigniter4/system/CodeIgniter.php(933): App\Controllers\Home->index()
#7 /var/www/html/codeigniter4/system/CodeIgniter.php(507): CodeIgniter\CodeIgniter->runController()
#8 /var/www/html/codeigniter4/system/CodeIgniter.php(354): CodeIgniter\CodeIgniter->handleRequest()
#9 /var/www/html/codeigniter4/system/Boot.php(334): CodeIgniter\CodeIgniter->run()
#10 /var/www/html/codeigniter4/system/Boot.php(67): CodeIgniter\Boot::runCodeIgniter()
#11 /var/www/html/codeigniter4/public/index.php(56): CodeIgniter\Boot::bootWeb()
#12 /var/www/html/codeigniter4/system/rewrite.php(44): require_once('...')
#13 {main}
CRITICAL - 2025-06-05 00:42:35 --> CodeIgniter\Database\Exceptions\DatabaseException: Unable to connect to the database.
Main connection [MySQLi]: Access denied for user '****'@'localhost'
[Method: GET, Route: /]
in SYSTEMPATH/Database/BaseConnection.php on line 467.
 1 SYSTEMPATH/Database/BaseConnection.php(620): CodeIgniter\Database\BaseConnection->initialize()
 2 SYSTEMPATH/Database/BaseBuilder.php(1649): CodeIgniter\Database\BaseConnection->query()
 3 SYSTEMPATH/Model.php(286): CodeIgniter\Database\BaseBuilder->get()
 4 SYSTEMPATH/BaseModel.php(675): CodeIgniter\Model->doFindAll()
 5 APPPATH/Controllers/Home.php(25): CodeIgniter\BaseModel->findAll()
 6 SYSTEMPATH/CodeIgniter.php(933): App\Controllers\Home->index()
 7 SYSTEMPATH/CodeIgniter.php(507): CodeIgniter\CodeIgniter->runController()
 8 SYSTEMPATH/CodeIgniter.php(354): CodeIgniter\CodeIgniter->handleRequest()
 9 SYSTEMPATH/Boot.php(334): CodeIgniter\CodeIgniter->run()
10 SYSTEMPATH/Boot.php(67): CodeIgniter\Boot::runCodeIgniter()
11 FCPATH/index.php(56): CodeIgniter\Boot::bootWeb()
12 SYSTEMPATH/rewrite.php(44): require_once('/var/www/html/codeigniter4/public/index.php')
ERROR - 2025-06-05 00:42:35 --> Error connecting to the database: mysqli_sql_exception: Access denied for user 'root'@'localhost' in /var/www/html/codeigniter4/system/Database/MySQLi/Connection.php:201
Stack trace:
#0 /var/www/html/codeigniter4/system/Database/MySQLi/Connection.php(201): mysqli->real_connect()
#1 /var/www/html/codeigniter4/system/Database/BaseConnection.php(421): CodeIgniter\Database\MySQLi\Connection->connect()
#2 /var/www/html/codeigniter4/system/Database/BaseConnection.php(620): CodeIgniter\Database\BaseConnection->initialize()
#3 /var/www/html/codeigniter4/system/Database/BaseBuilder.php(1649): CodeIgniter\Database\BaseConnection->query()
#4 /var/www/html/codeigniter4/system/Model.php(286): CodeIgniter\Database\BaseBuilder->get()
#5 /var/www/html/codeigniter4/system/BaseModel.php(675): CodeIgniter\Model->doFindAll()
#6 /var/www/html/codeigniter4/app/Controllers/Home.php(25): CodeIgniter\BaseModel->findAll()
#7 /var/www/html/codeigniter4/system/CodeIgniter.php(933): App\Controllers\Home->index()
#8 /var/www/html/codeigniter4/system/CodeIgniter.php(507): CodeIgniter\CodeIgniter->runController()
#9 /var/www/html/codeigniter4/system/CodeIgniter.php(354): CodeIgniter\CodeIgniter->handleRequest()
#10 /var/www/html/codeigniter4/system/Boot.php(334): CodeIgniter\CodeIgniter->run()
#11 /var/www/html/codeigniter4/system/Boot.php(67): CodeIgniter\Boot::runCodeIgniter()
#12 /var/www/html/codeigniter4/public/index.php(56): CodeIgniter\Boot::bootWeb()
#13 /var/www/html/codeigniter4/system/rewrite.php(44): require_once('...')
#14 {main}

Next CodeIgniter\Database\Exceptions\DatabaseException: Access denied for user '****'@'localhost' in /var/www/html/codeigniter4/system/Database/MySQLi/Connection.php:246
Stack trace:
#0 /var/www/html/codeigniter4/system/Database/BaseConnection.php(421): CodeIgniter\Database\MySQLi\Connection->connect()
#1 /var/www/html/codeigniter4/system/Database/BaseConnection.php(620): CodeIgniter\Database\BaseConnection->initialize()
#2 /var/www/html/codeigniter4/system/Database/BaseBuilder.php(1649): CodeIgniter\Database\BaseConnection->query()
#3 /var/www/html/codeigniter4/system/Model.php(286): CodeIgniter\Database\BaseBuilder->get()
#4 /var/www/html/codeigniter4/system/BaseModel.php(675): CodeIgniter\Model->doFindAll()
#5 /var/www/html/codeigniter4/app/Controllers/Home.php(25): CodeIgniter\BaseModel->findAll()
#6 /var/www/html/codeigniter4/system/CodeIgniter.php(933): App\Controllers\Home->index()
#7 /var/www/html/codeigniter4/system/CodeIgniter.php(507): CodeIgniter\CodeIgniter->runController()
#8 /var/www/html/codeigniter4/system/CodeIgniter.php(354): CodeIgniter\CodeIgniter->handleRequest()
#9 /var/www/html/codeigniter4/system/Boot.php(334): CodeIgniter\CodeIgniter->run()
#10 /var/www/html/codeigniter4/system/Boot.php(67): CodeIgniter\Boot::runCodeIgniter()
#11 /var/www/html/codeigniter4/public/index.php(56): CodeIgniter\Boot::bootWeb()
#12 /var/www/html/codeigniter4/system/rewrite.php(44): require_once('...')
#13 {main}
CRITICAL - 2025-06-05 00:42:35 --> CodeIgniter\Database\Exceptions\DatabaseException: Unable to connect to the database.
Main connection [MySQLi]: Access denied for user '****'@'localhost'
[Method: GET, Route: /]
in SYSTEMPATH/Database/BaseConnection.php on line 467.
 1 SYSTEMPATH/Database/BaseConnection.php(620): CodeIgniter\Database\BaseConnection->initialize()
 2 SYSTEMPATH/Database/BaseBuilder.php(1649): CodeIgniter\Database\BaseConnection->query()
 3 SYSTEMPATH/Model.php(286): CodeIgniter\Database\BaseBuilder->get()
 4 SYSTEMPATH/BaseModel.php(675): CodeIgniter\Model->doFindAll()
 5 APPPATH/Controllers/Home.php(25): CodeIgniter\BaseModel->findAll()
 6 SYSTEMPATH/CodeIgniter.php(933): App\Controllers\Home->index()
 7 SYSTEMPATH/CodeIgniter.php(507): CodeIgniter\CodeIgniter->runController()
 8 SYSTEMPATH/CodeIgniter.php(354): CodeIgniter\CodeIgniter->handleRequest()
 9 SYSTEMPATH/Boot.php(334): CodeIgniter\CodeIgniter->run()
10 SYSTEMPATH/Boot.php(67): CodeIgniter\Boot::runCodeIgniter()
11 FCPATH/index.php(56): CodeIgniter\Boot::bootWeb()
12 SYSTEMPATH/rewrite.php(44): require_once('/var/www/html/codeigniter4/public/index.php')
ERROR - 2025-06-05 00:42:50 --> Error connecting to the database: mysqli_sql_exception: Access denied for user 'root'@'localhost' in /var/www/html/codeigniter4/system/Database/MySQLi/Connection.php:201
Stack trace:
#0 /var/www/html/codeigniter4/system/Database/MySQLi/Connection.php(201): mysqli->real_connect()
#1 /var/www/html/codeigniter4/system/Database/BaseConnection.php(421): CodeIgniter\Database\MySQLi\Connection->connect()
#2 /var/www/html/codeigniter4/system/Database/BaseConnection.php(620): CodeIgniter\Database\BaseConnection->initialize()
#3 /var/www/html/codeigniter4/system/Database/BaseBuilder.php(1649): CodeIgniter\Database\BaseConnection->query()
#4 /var/www/html/codeigniter4/system/Model.php(286): CodeIgniter\Database\BaseBuilder->get()
#5 /var/www/html/codeigniter4/system/BaseModel.php(675): CodeIgniter\Model->doFindAll()
#6 /var/www/html/codeigniter4/app/Controllers/Home.php(25): CodeIgniter\BaseModel->findAll()
#7 /var/www/html/codeigniter4/system/CodeIgniter.php(933): App\Controllers\Home->index()
#8 /var/www/html/codeigniter4/system/CodeIgniter.php(507): CodeIgniter\CodeIgniter->runController()
#9 /var/www/html/codeigniter4/system/CodeIgniter.php(354): CodeIgniter\CodeIgniter->handleRequest()
#10 /var/www/html/codeigniter4/system/Boot.php(334): CodeIgniter\CodeIgniter->run()
#11 /var/www/html/codeigniter4/system/Boot.php(67): CodeIgniter\Boot::runCodeIgniter()
#12 /var/www/html/codeigniter4/public/index.php(56): CodeIgniter\Boot::bootWeb()
#13 /var/www/html/codeigniter4/system/rewrite.php(44): require_once('...')
#14 {main}

Next CodeIgniter\Database\Exceptions\DatabaseException: Access denied for user '****'@'localhost' in /var/www/html/codeigniter4/system/Database/MySQLi/Connection.php:246
Stack trace:
#0 /var/www/html/codeigniter4/system/Database/BaseConnection.php(421): CodeIgniter\Database\MySQLi\Connection->connect()
#1 /var/www/html/codeigniter4/system/Database/BaseConnection.php(620): CodeIgniter\Database\BaseConnection->initialize()
#2 /var/www/html/codeigniter4/system/Database/BaseBuilder.php(1649): CodeIgniter\Database\BaseConnection->query()
#3 /var/www/html/codeigniter4/system/Model.php(286): CodeIgniter\Database\BaseBuilder->get()
#4 /var/www/html/codeigniter4/system/BaseModel.php(675): CodeIgniter\Model->doFindAll()
#5 /var/www/html/codeigniter4/app/Controllers/Home.php(25): CodeIgniter\BaseModel->findAll()
#6 /var/www/html/codeigniter4/system/CodeIgniter.php(933): App\Controllers\Home->index()
#7 /var/www/html/codeigniter4/system/CodeIgniter.php(507): CodeIgniter\CodeIgniter->runController()
#8 /var/www/html/codeigniter4/system/CodeIgniter.php(354): CodeIgniter\CodeIgniter->handleRequest()
#9 /var/www/html/codeigniter4/system/Boot.php(334): CodeIgniter\CodeIgniter->run()
#10 /var/www/html/codeigniter4/system/Boot.php(67): CodeIgniter\Boot::runCodeIgniter()
#11 /var/www/html/codeigniter4/public/index.php(56): CodeIgniter\Boot::bootWeb()
#12 /var/www/html/codeigniter4/system/rewrite.php(44): require_once('...')
#13 {main}
CRITICAL - 2025-06-05 00:42:50 --> CodeIgniter\Database\Exceptions\DatabaseException: Unable to connect to the database.
Main connection [MySQLi]: Access denied for user '****'@'localhost'
[Method: GET, Route: /]
in SYSTEMPATH/Database/BaseConnection.php on line 467.
 1 SYSTEMPATH/Database/BaseConnection.php(620): CodeIgniter\Database\BaseConnection->initialize()
 2 SYSTEMPATH/Database/BaseBuilder.php(1649): CodeIgniter\Database\BaseConnection->query()
 3 SYSTEMPATH/Model.php(286): CodeIgniter\Database\BaseBuilder->get()
 4 SYSTEMPATH/BaseModel.php(675): CodeIgniter\Model->doFindAll()
 5 APPPATH/Controllers/Home.php(25): CodeIgniter\BaseModel->findAll()
 6 SYSTEMPATH/CodeIgniter.php(933): App\Controllers\Home->index()
 7 SYSTEMPATH/CodeIgniter.php(507): CodeIgniter\CodeIgniter->runController()
 8 SYSTEMPATH/CodeIgniter.php(354): CodeIgniter\CodeIgniter->handleRequest()
 9 SYSTEMPATH/Boot.php(334): CodeIgniter\CodeIgniter->run()
10 SYSTEMPATH/Boot.php(67): CodeIgniter\Boot::runCodeIgniter()
11 FCPATH/index.php(56): CodeIgniter\Boot::bootWeb()
12 SYSTEMPATH/rewrite.php(44): require_once('/var/www/html/codeigniter4/public/index.php')
ERROR - 2025-06-05 00:42:51 --> Error connecting to the database: mysqli_sql_exception: Access denied for user 'root'@'localhost' in /var/www/html/codeigniter4/system/Database/MySQLi/Connection.php:201
Stack trace:
#0 /var/www/html/codeigniter4/system/Database/MySQLi/Connection.php(201): mysqli->real_connect()
#1 /var/www/html/codeigniter4/system/Database/BaseConnection.php(421): CodeIgniter\Database\MySQLi\Connection->connect()
#2 /var/www/html/codeigniter4/system/Database/BaseConnection.php(620): CodeIgniter\Database\BaseConnection->initialize()
#3 /var/www/html/codeigniter4/system/Database/BaseBuilder.php(1649): CodeIgniter\Database\BaseConnection->query()
#4 /var/www/html/codeigniter4/system/Model.php(286): CodeIgniter\Database\BaseBuilder->get()
#5 /var/www/html/codeigniter4/system/BaseModel.php(675): CodeIgniter\Model->doFindAll()
#6 /var/www/html/codeigniter4/app/Controllers/Home.php(25): CodeIgniter\BaseModel->findAll()
#7 /var/www/html/codeigniter4/system/CodeIgniter.php(933): App\Controllers\Home->index()
#8 /var/www/html/codeigniter4/system/CodeIgniter.php(507): CodeIgniter\CodeIgniter->runController()
#9 /var/www/html/codeigniter4/system/CodeIgniter.php(354): CodeIgniter\CodeIgniter->handleRequest()
#10 /var/www/html/codeigniter4/system/Boot.php(334): CodeIgniter\CodeIgniter->run()
#11 /var/www/html/codeigniter4/system/Boot.php(67): CodeIgniter\Boot::runCodeIgniter()
#12 /var/www/html/codeigniter4/public/index.php(56): CodeIgniter\Boot::bootWeb()
#13 /var/www/html/codeigniter4/system/rewrite.php(44): require_once('...')
#14 {main}

Next CodeIgniter\Database\Exceptions\DatabaseException: Access denied for user '****'@'localhost' in /var/www/html/codeigniter4/system/Database/MySQLi/Connection.php:246
Stack trace:
#0 /var/www/html/codeigniter4/system/Database/BaseConnection.php(421): CodeIgniter\Database\MySQLi\Connection->connect()
#1 /var/www/html/codeigniter4/system/Database/BaseConnection.php(620): CodeIgniter\Database\BaseConnection->initialize()
#2 /var/www/html/codeigniter4/system/Database/BaseBuilder.php(1649): CodeIgniter\Database\BaseConnection->query()
#3 /var/www/html/codeigniter4/system/Model.php(286): CodeIgniter\Database\BaseBuilder->get()
#4 /var/www/html/codeigniter4/system/BaseModel.php(675): CodeIgniter\Model->doFindAll()
#5 /var/www/html/codeigniter4/app/Controllers/Home.php(25): CodeIgniter\BaseModel->findAll()
#6 /var/www/html/codeigniter4/system/CodeIgniter.php(933): App\Controllers\Home->index()
#7 /var/www/html/codeigniter4/system/CodeIgniter.php(507): CodeIgniter\CodeIgniter->runController()
#8 /var/www/html/codeigniter4/system/CodeIgniter.php(354): CodeIgniter\CodeIgniter->handleRequest()
#9 /var/www/html/codeigniter4/system/Boot.php(334): CodeIgniter\CodeIgniter->run()
#10 /var/www/html/codeigniter4/system/Boot.php(67): CodeIgniter\Boot::runCodeIgniter()
#11 /var/www/html/codeigniter4/public/index.php(56): CodeIgniter\Boot::bootWeb()
#12 /var/www/html/codeigniter4/system/rewrite.php(44): require_once('...')
#13 {main}
CRITICAL - 2025-06-05 00:42:51 --> CodeIgniter\Database\Exceptions\DatabaseException: Unable to connect to the database.
Main connection [MySQLi]: Access denied for user '****'@'localhost'
[Method: GET, Route: /]
in SYSTEMPATH/Database/BaseConnection.php on line 467.
 1 SYSTEMPATH/Database/BaseConnection.php(620): CodeIgniter\Database\BaseConnection->initialize()
 2 SYSTEMPATH/Database/BaseBuilder.php(1649): CodeIgniter\Database\BaseConnection->query()
 3 SYSTEMPATH/Model.php(286): CodeIgniter\Database\BaseBuilder->get()
 4 SYSTEMPATH/BaseModel.php(675): CodeIgniter\Model->doFindAll()
 5 APPPATH/Controllers/Home.php(25): CodeIgniter\BaseModel->findAll()
 6 SYSTEMPATH/CodeIgniter.php(933): App\Controllers\Home->index()
 7 SYSTEMPATH/CodeIgniter.php(507): CodeIgniter\CodeIgniter->runController()
 8 SYSTEMPATH/CodeIgniter.php(354): CodeIgniter\CodeIgniter->handleRequest()
 9 SYSTEMPATH/Boot.php(334): CodeIgniter\CodeIgniter->run()
10 SYSTEMPATH/Boot.php(67): CodeIgniter\Boot::runCodeIgniter()
11 FCPATH/index.php(56): CodeIgniter\Boot::bootWeb()
12 SYSTEMPATH/rewrite.php(44): require_once('/var/www/html/codeigniter4/public/index.php')
ERROR - 2025-06-05 00:42:52 --> Error connecting to the database: mysqli_sql_exception: Access denied for user 'root'@'localhost' in /var/www/html/codeigniter4/system/Database/MySQLi/Connection.php:201
Stack trace:
#0 /var/www/html/codeigniter4/system/Database/MySQLi/Connection.php(201): mysqli->real_connect()
#1 /var/www/html/codeigniter4/system/Database/BaseConnection.php(421): CodeIgniter\Database\MySQLi\Connection->connect()
#2 /var/www/html/codeigniter4/system/Database/BaseConnection.php(620): CodeIgniter\Database\BaseConnection->initialize()
#3 /var/www/html/codeigniter4/system/Database/BaseBuilder.php(1649): CodeIgniter\Database\BaseConnection->query()
#4 /var/www/html/codeigniter4/system/Model.php(286): CodeIgniter\Database\BaseBuilder->get()
#5 /var/www/html/codeigniter4/system/BaseModel.php(675): CodeIgniter\Model->doFindAll()
#6 /var/www/html/codeigniter4/app/Controllers/Home.php(25): CodeIgniter\BaseModel->findAll()
#7 /var/www/html/codeigniter4/system/CodeIgniter.php(933): App\Controllers\Home->index()
#8 /var/www/html/codeigniter4/system/CodeIgniter.php(507): CodeIgniter\CodeIgniter->runController()
#9 /var/www/html/codeigniter4/system/CodeIgniter.php(354): CodeIgniter\CodeIgniter->handleRequest()
#10 /var/www/html/codeigniter4/system/Boot.php(334): CodeIgniter\CodeIgniter->run()
#11 /var/www/html/codeigniter4/system/Boot.php(67): CodeIgniter\Boot::runCodeIgniter()
#12 /var/www/html/codeigniter4/public/index.php(56): CodeIgniter\Boot::bootWeb()
#13 /var/www/html/codeigniter4/system/rewrite.php(44): require_once('...')
#14 {main}

Next CodeIgniter\Database\Exceptions\DatabaseException: Access denied for user '****'@'localhost' in /var/www/html/codeigniter4/system/Database/MySQLi/Connection.php:246
Stack trace:
#0 /var/www/html/codeigniter4/system/Database/BaseConnection.php(421): CodeIgniter\Database\MySQLi\Connection->connect()
#1 /var/www/html/codeigniter4/system/Database/BaseConnection.php(620): CodeIgniter\Database\BaseConnection->initialize()
#2 /var/www/html/codeigniter4/system/Database/BaseBuilder.php(1649): CodeIgniter\Database\BaseConnection->query()
#3 /var/www/html/codeigniter4/system/Model.php(286): CodeIgniter\Database\BaseBuilder->get()
#4 /var/www/html/codeigniter4/system/BaseModel.php(675): CodeIgniter\Model->doFindAll()
#5 /var/www/html/codeigniter4/app/Controllers/Home.php(25): CodeIgniter\BaseModel->findAll()
#6 /var/www/html/codeigniter4/system/CodeIgniter.php(933): App\Controllers\Home->index()
#7 /var/www/html/codeigniter4/system/CodeIgniter.php(507): CodeIgniter\CodeIgniter->runController()
#8 /var/www/html/codeigniter4/system/CodeIgniter.php(354): CodeIgniter\CodeIgniter->handleRequest()
#9 /var/www/html/codeigniter4/system/Boot.php(334): CodeIgniter\CodeIgniter->run()
#10 /var/www/html/codeigniter4/system/Boot.php(67): CodeIgniter\Boot::runCodeIgniter()
#11 /var/www/html/codeigniter4/public/index.php(56): CodeIgniter\Boot::bootWeb()
#12 /var/www/html/codeigniter4/system/rewrite.php(44): require_once('...')
#13 {main}
CRITICAL - 2025-06-05 00:42:52 --> CodeIgniter\Database\Exceptions\DatabaseException: Unable to connect to the database.
Main connection [MySQLi]: Access denied for user '****'@'localhost'
[Method: GET, Route: /]
in SYSTEMPATH/Database/BaseConnection.php on line 467.
 1 SYSTEMPATH/Database/BaseConnection.php(620): CodeIgniter\Database\BaseConnection->initialize()
 2 SYSTEMPATH/Database/BaseBuilder.php(1649): CodeIgniter\Database\BaseConnection->query()
 3 SYSTEMPATH/Model.php(286): CodeIgniter\Database\BaseBuilder->get()
 4 SYSTEMPATH/BaseModel.php(675): CodeIgniter\Model->doFindAll()
 5 APPPATH/Controllers/Home.php(25): CodeIgniter\BaseModel->findAll()
 6 SYSTEMPATH/CodeIgniter.php(933): App\Controllers\Home->index()
 7 SYSTEMPATH/CodeIgniter.php(507): CodeIgniter\CodeIgniter->runController()
 8 SYSTEMPATH/CodeIgniter.php(354): CodeIgniter\CodeIgniter->handleRequest()
 9 SYSTEMPATH/Boot.php(334): CodeIgniter\CodeIgniter->run()
10 SYSTEMPATH/Boot.php(67): CodeIgniter\Boot::runCodeIgniter()
11 FCPATH/index.php(56): CodeIgniter\Boot::bootWeb()
12 SYSTEMPATH/rewrite.php(44): require_once('/var/www/html/codeigniter4/public/index.php')
ERROR - 2025-06-05 00:43:02 --> Error connecting to the database: mysqli_sql_exception: Access denied for user 'root'@'localhost' in /var/www/html/codeigniter4/system/Database/MySQLi/Connection.php:201
Stack trace:
#0 /var/www/html/codeigniter4/system/Database/MySQLi/Connection.php(201): mysqli->real_connect()
#1 /var/www/html/codeigniter4/system/Database/BaseConnection.php(421): CodeIgniter\Database\MySQLi\Connection->connect()
#2 /var/www/html/codeigniter4/system/Database/BaseConnection.php(620): CodeIgniter\Database\BaseConnection->initialize()
#3 /var/www/html/codeigniter4/system/Database/BaseBuilder.php(1649): CodeIgniter\Database\BaseConnection->query()
#4 /var/www/html/codeigniter4/system/Model.php(286): CodeIgniter\Database\BaseBuilder->get()
#5 /var/www/html/codeigniter4/system/BaseModel.php(675): CodeIgniter\Model->doFindAll()
#6 /var/www/html/codeigniter4/app/Controllers/Home.php(25): CodeIgniter\BaseModel->findAll()
#7 /var/www/html/codeigniter4/system/CodeIgniter.php(933): App\Controllers\Home->index()
#8 /var/www/html/codeigniter4/system/CodeIgniter.php(507): CodeIgniter\CodeIgniter->runController()
#9 /var/www/html/codeigniter4/system/CodeIgniter.php(354): CodeIgniter\CodeIgniter->handleRequest()
#10 /var/www/html/codeigniter4/system/Boot.php(334): CodeIgniter\CodeIgniter->run()
#11 /var/www/html/codeigniter4/system/Boot.php(67): CodeIgniter\Boot::runCodeIgniter()
#12 /var/www/html/codeigniter4/public/index.php(56): CodeIgniter\Boot::bootWeb()
#13 /var/www/html/codeigniter4/system/rewrite.php(44): require_once('...')
#14 {main}

Next CodeIgniter\Database\Exceptions\DatabaseException: Access denied for user '****'@'localhost' in /var/www/html/codeigniter4/system/Database/MySQLi/Connection.php:246
Stack trace:
#0 /var/www/html/codeigniter4/system/Database/BaseConnection.php(421): CodeIgniter\Database\MySQLi\Connection->connect()
#1 /var/www/html/codeigniter4/system/Database/BaseConnection.php(620): CodeIgniter\Database\BaseConnection->initialize()
#2 /var/www/html/codeigniter4/system/Database/BaseBuilder.php(1649): CodeIgniter\Database\BaseConnection->query()
#3 /var/www/html/codeigniter4/system/Model.php(286): CodeIgniter\Database\BaseBuilder->get()
#4 /var/www/html/codeigniter4/system/BaseModel.php(675): CodeIgniter\Model->doFindAll()
#5 /var/www/html/codeigniter4/app/Controllers/Home.php(25): CodeIgniter\BaseModel->findAll()
#6 /var/www/html/codeigniter4/system/CodeIgniter.php(933): App\Controllers\Home->index()
#7 /var/www/html/codeigniter4/system/CodeIgniter.php(507): CodeIgniter\CodeIgniter->runController()
#8 /var/www/html/codeigniter4/system/CodeIgniter.php(354): CodeIgniter\CodeIgniter->handleRequest()
#9 /var/www/html/codeigniter4/system/Boot.php(334): CodeIgniter\CodeIgniter->run()
#10 /var/www/html/codeigniter4/system/Boot.php(67): CodeIgniter\Boot::runCodeIgniter()
#11 /var/www/html/codeigniter4/public/index.php(56): CodeIgniter\Boot::bootWeb()
#12 /var/www/html/codeigniter4/system/rewrite.php(44): require_once('...')
#13 {main}
CRITICAL - 2025-06-05 00:43:02 --> CodeIgniter\Database\Exceptions\DatabaseException: Unable to connect to the database.
Main connection [MySQLi]: Access denied for user '****'@'localhost'
[Method: GET, Route: /]
in SYSTEMPATH/Database/BaseConnection.php on line 467.
 1 SYSTEMPATH/Database/BaseConnection.php(620): CodeIgniter\Database\BaseConnection->initialize()
 2 SYSTEMPATH/Database/BaseBuilder.php(1649): CodeIgniter\Database\BaseConnection->query()
 3 SYSTEMPATH/Model.php(286): CodeIgniter\Database\BaseBuilder->get()
 4 SYSTEMPATH/BaseModel.php(675): CodeIgniter\Model->doFindAll()
 5 APPPATH/Controllers/Home.php(25): CodeIgniter\BaseModel->findAll()
 6 SYSTEMPATH/CodeIgniter.php(933): App\Controllers\Home->index()
 7 SYSTEMPATH/CodeIgniter.php(507): CodeIgniter\CodeIgniter->runController()
 8 SYSTEMPATH/CodeIgniter.php(354): CodeIgniter\CodeIgniter->handleRequest()
 9 SYSTEMPATH/Boot.php(334): CodeIgniter\CodeIgniter->run()
10 SYSTEMPATH/Boot.php(67): CodeIgniter\Boot::runCodeIgniter()
11 FCPATH/index.php(56): CodeIgniter\Boot::bootWeb()
12 SYSTEMPATH/rewrite.php(44): require_once('/var/www/html/codeigniter4/public/index.php')
ERROR - 2025-06-05 00:43:03 --> Error connecting to the database: mysqli_sql_exception: Access denied for user 'root'@'localhost' in /var/www/html/codeigniter4/system/Database/MySQLi/Connection.php:201
Stack trace:
#0 /var/www/html/codeigniter4/system/Database/MySQLi/Connection.php(201): mysqli->real_connect()
#1 /var/www/html/codeigniter4/system/Database/BaseConnection.php(421): CodeIgniter\Database\MySQLi\Connection->connect()
#2 /var/www/html/codeigniter4/system/Database/BaseConnection.php(620): CodeIgniter\Database\BaseConnection->initialize()
#3 /var/www/html/codeigniter4/system/Database/BaseBuilder.php(1649): CodeIgniter\Database\BaseConnection->query()
#4 /var/www/html/codeigniter4/system/Model.php(286): CodeIgniter\Database\BaseBuilder->get()
#5 /var/www/html/codeigniter4/system/BaseModel.php(675): CodeIgniter\Model->doFindAll()
#6 /var/www/html/codeigniter4/app/Controllers/Home.php(25): CodeIgniter\BaseModel->findAll()
#7 /var/www/html/codeigniter4/system/CodeIgniter.php(933): App\Controllers\Home->index()
#8 /var/www/html/codeigniter4/system/CodeIgniter.php(507): CodeIgniter\CodeIgniter->runController()
#9 /var/www/html/codeigniter4/system/CodeIgniter.php(354): CodeIgniter\CodeIgniter->handleRequest()
#10 /var/www/html/codeigniter4/system/Boot.php(334): CodeIgniter\CodeIgniter->run()
#11 /var/www/html/codeigniter4/system/Boot.php(67): CodeIgniter\Boot::runCodeIgniter()
#12 /var/www/html/codeigniter4/public/index.php(56): CodeIgniter\Boot::bootWeb()
#13 /var/www/html/codeigniter4/system/rewrite.php(44): require_once('...')
#14 {main}

Next CodeIgniter\Database\Exceptions\DatabaseException: Access denied for user '****'@'localhost' in /var/www/html/codeigniter4/system/Database/MySQLi/Connection.php:246
Stack trace:
#0 /var/www/html/codeigniter4/system/Database/BaseConnection.php(421): CodeIgniter\Database\MySQLi\Connection->connect()
#1 /var/www/html/codeigniter4/system/Database/BaseConnection.php(620): CodeIgniter\Database\BaseConnection->initialize()
#2 /var/www/html/codeigniter4/system/Database/BaseBuilder.php(1649): CodeIgniter\Database\BaseConnection->query()
#3 /var/www/html/codeigniter4/system/Model.php(286): CodeIgniter\Database\BaseBuilder->get()
#4 /var/www/html/codeigniter4/system/BaseModel.php(675): CodeIgniter\Model->doFindAll()
#5 /var/www/html/codeigniter4/app/Controllers/Home.php(25): CodeIgniter\BaseModel->findAll()
#6 /var/www/html/codeigniter4/system/CodeIgniter.php(933): App\Controllers\Home->index()
#7 /var/www/html/codeigniter4/system/CodeIgniter.php(507): CodeIgniter\CodeIgniter->runController()
#8 /var/www/html/codeigniter4/system/CodeIgniter.php(354): CodeIgniter\CodeIgniter->handleRequest()
#9 /var/www/html/codeigniter4/system/Boot.php(334): CodeIgniter\CodeIgniter->run()
#10 /var/www/html/codeigniter4/system/Boot.php(67): CodeIgniter\Boot::runCodeIgniter()
#11 /var/www/html/codeigniter4/public/index.php(56): CodeIgniter\Boot::bootWeb()
#12 /var/www/html/codeigniter4/system/rewrite.php(44): require_once('...')
#13 {main}
CRITICAL - 2025-06-05 00:43:03 --> CodeIgniter\Database\Exceptions\DatabaseException: Unable to connect to the database.
Main connection [MySQLi]: Access denied for user '****'@'localhost'
[Method: GET, Route: /]
in SYSTEMPATH/Database/BaseConnection.php on line 467.
 1 SYSTEMPATH/Database/BaseConnection.php(620): CodeIgniter\Database\BaseConnection->initialize()
 2 SYSTEMPATH/Database/BaseBuilder.php(1649): CodeIgniter\Database\BaseConnection->query()
 3 SYSTEMPATH/Model.php(286): CodeIgniter\Database\BaseBuilder->get()
 4 SYSTEMPATH/BaseModel.php(675): CodeIgniter\Model->doFindAll()
 5 APPPATH/Controllers/Home.php(25): CodeIgniter\BaseModel->findAll()
 6 SYSTEMPATH/CodeIgniter.php(933): App\Controllers\Home->index()
 7 SYSTEMPATH/CodeIgniter.php(507): CodeIgniter\CodeIgniter->runController()
 8 SYSTEMPATH/CodeIgniter.php(354): CodeIgniter\CodeIgniter->handleRequest()
 9 SYSTEMPATH/Boot.php(334): CodeIgniter\CodeIgniter->run()
10 SYSTEMPATH/Boot.php(67): CodeIgniter\Boot::runCodeIgniter()
11 FCPATH/index.php(56): CodeIgniter\Boot::bootWeb()
12 SYSTEMPATH/rewrite.php(44): require_once('/var/www/html/codeigniter4/public/index.php')
ERROR - 2025-06-05 00:43:04 --> Error connecting to the database: mysqli_sql_exception: Access denied for user 'root'@'localhost' in /var/www/html/codeigniter4/system/Database/MySQLi/Connection.php:201
Stack trace:
#0 /var/www/html/codeigniter4/system/Database/MySQLi/Connection.php(201): mysqli->real_connect()
#1 /var/www/html/codeigniter4/system/Database/BaseConnection.php(421): CodeIgniter\Database\MySQLi\Connection->connect()
#2 /var/www/html/codeigniter4/system/Database/BaseConnection.php(620): CodeIgniter\Database\BaseConnection->initialize()
#3 /var/www/html/codeigniter4/system/Database/BaseBuilder.php(1649): CodeIgniter\Database\BaseConnection->query()
#4 /var/www/html/codeigniter4/system/Model.php(286): CodeIgniter\Database\BaseBuilder->get()
#5 /var/www/html/codeigniter4/system/BaseModel.php(675): CodeIgniter\Model->doFindAll()
#6 /var/www/html/codeigniter4/app/Controllers/Home.php(25): CodeIgniter\BaseModel->findAll()
#7 /var/www/html/codeigniter4/system/CodeIgniter.php(933): App\Controllers\Home->index()
#8 /var/www/html/codeigniter4/system/CodeIgniter.php(507): CodeIgniter\CodeIgniter->runController()
#9 /var/www/html/codeigniter4/system/CodeIgniter.php(354): CodeIgniter\CodeIgniter->handleRequest()
#10 /var/www/html/codeigniter4/system/Boot.php(334): CodeIgniter\CodeIgniter->run()
#11 /var/www/html/codeigniter4/system/Boot.php(67): CodeIgniter\Boot::runCodeIgniter()
#12 /var/www/html/codeigniter4/public/index.php(56): CodeIgniter\Boot::bootWeb()
#13 /var/www/html/codeigniter4/system/rewrite.php(44): require_once('...')
#14 {main}

Next CodeIgniter\Database\Exceptions\DatabaseException: Access denied for user '****'@'localhost' in /var/www/html/codeigniter4/system/Database/MySQLi/Connection.php:246
Stack trace:
#0 /var/www/html/codeigniter4/system/Database/BaseConnection.php(421): CodeIgniter\Database\MySQLi\Connection->connect()
#1 /var/www/html/codeigniter4/system/Database/BaseConnection.php(620): CodeIgniter\Database\BaseConnection->initialize()
#2 /var/www/html/codeigniter4/system/Database/BaseBuilder.php(1649): CodeIgniter\Database\BaseConnection->query()
#3 /var/www/html/codeigniter4/system/Model.php(286): CodeIgniter\Database\BaseBuilder->get()
#4 /var/www/html/codeigniter4/system/BaseModel.php(675): CodeIgniter\Model->doFindAll()
#5 /var/www/html/codeigniter4/app/Controllers/Home.php(25): CodeIgniter\BaseModel->findAll()
#6 /var/www/html/codeigniter4/system/CodeIgniter.php(933): App\Controllers\Home->index()
#7 /var/www/html/codeigniter4/system/CodeIgniter.php(507): CodeIgniter\CodeIgniter->runController()
#8 /var/www/html/codeigniter4/system/CodeIgniter.php(354): CodeIgniter\CodeIgniter->handleRequest()
#9 /var/www/html/codeigniter4/system/Boot.php(334): CodeIgniter\CodeIgniter->run()
#10 /var/www/html/codeigniter4/system/Boot.php(67): CodeIgniter\Boot::runCodeIgniter()
#11 /var/www/html/codeigniter4/public/index.php(56): CodeIgniter\Boot::bootWeb()
#12 /var/www/html/codeigniter4/system/rewrite.php(44): require_once('...')
#13 {main}
CRITICAL - 2025-06-05 00:43:04 --> CodeIgniter\Database\Exceptions\DatabaseException: Unable to connect to the database.
Main connection [MySQLi]: Access denied for user '****'@'localhost'
[Method: GET, Route: /]
in SYSTEMPATH/Database/BaseConnection.php on line 467.
 1 SYSTEMPATH/Database/BaseConnection.php(620): CodeIgniter\Database\BaseConnection->initialize()
 2 SYSTEMPATH/Database/BaseBuilder.php(1649): CodeIgniter\Database\BaseConnection->query()
 3 SYSTEMPATH/Model.php(286): CodeIgniter\Database\BaseBuilder->get()
 4 SYSTEMPATH/BaseModel.php(675): CodeIgniter\Model->doFindAll()
 5 APPPATH/Controllers/Home.php(25): CodeIgniter\BaseModel->findAll()
 6 SYSTEMPATH/CodeIgniter.php(933): App\Controllers\Home->index()
 7 SYSTEMPATH/CodeIgniter.php(507): CodeIgniter\CodeIgniter->runController()
 8 SYSTEMPATH/CodeIgniter.php(354): CodeIgniter\CodeIgniter->handleRequest()
 9 SYSTEMPATH/Boot.php(334): CodeIgniter\CodeIgniter->run()
10 SYSTEMPATH/Boot.php(67): CodeIgniter\Boot::runCodeIgniter()
11 FCPATH/index.php(56): CodeIgniter\Boot::bootWeb()
12 SYSTEMPATH/rewrite.php(44): require_once('/var/www/html/codeigniter4/public/index.php')
ERROR - 2025-06-05 00:43:04 --> Error connecting to the database: mysqli_sql_exception: Access denied for user 'root'@'localhost' in /var/www/html/codeigniter4/system/Database/MySQLi/Connection.php:201
Stack trace:
#0 /var/www/html/codeigniter4/system/Database/MySQLi/Connection.php(201): mysqli->real_connect()
#1 /var/www/html/codeigniter4/system/Database/BaseConnection.php(421): CodeIgniter\Database\MySQLi\Connection->connect()
#2 /var/www/html/codeigniter4/system/Database/BaseConnection.php(620): CodeIgniter\Database\BaseConnection->initialize()
#3 /var/www/html/codeigniter4/system/Database/BaseBuilder.php(1649): CodeIgniter\Database\BaseConnection->query()
#4 /var/www/html/codeigniter4/system/Model.php(286): CodeIgniter\Database\BaseBuilder->get()
#5 /var/www/html/codeigniter4/system/BaseModel.php(675): CodeIgniter\Model->doFindAll()
#6 /var/www/html/codeigniter4/app/Controllers/Home.php(25): CodeIgniter\BaseModel->findAll()
#7 /var/www/html/codeigniter4/system/CodeIgniter.php(933): App\Controllers\Home->index()
#8 /var/www/html/codeigniter4/system/CodeIgniter.php(507): CodeIgniter\CodeIgniter->runController()
#9 /var/www/html/codeigniter4/system/CodeIgniter.php(354): CodeIgniter\CodeIgniter->handleRequest()
#10 /var/www/html/codeigniter4/system/Boot.php(334): CodeIgniter\CodeIgniter->run()
#11 /var/www/html/codeigniter4/system/Boot.php(67): CodeIgniter\Boot::runCodeIgniter()
#12 /var/www/html/codeigniter4/public/index.php(56): CodeIgniter\Boot::bootWeb()
#13 /var/www/html/codeigniter4/system/rewrite.php(44): require_once('...')
#14 {main}

Next CodeIgniter\Database\Exceptions\DatabaseException: Access denied for user '****'@'localhost' in /var/www/html/codeigniter4/system/Database/MySQLi/Connection.php:246
Stack trace:
#0 /var/www/html/codeigniter4/system/Database/BaseConnection.php(421): CodeIgniter\Database\MySQLi\Connection->connect()
#1 /var/www/html/codeigniter4/system/Database/BaseConnection.php(620): CodeIgniter\Database\BaseConnection->initialize()
#2 /var/www/html/codeigniter4/system/Database/BaseBuilder.php(1649): CodeIgniter\Database\BaseConnection->query()
#3 /var/www/html/codeigniter4/system/Model.php(286): CodeIgniter\Database\BaseBuilder->get()
#4 /var/www/html/codeigniter4/system/BaseModel.php(675): CodeIgniter\Model->doFindAll()
#5 /var/www/html/codeigniter4/app/Controllers/Home.php(25): CodeIgniter\BaseModel->findAll()
#6 /var/www/html/codeigniter4/system/CodeIgniter.php(933): App\Controllers\Home->index()
#7 /var/www/html/codeigniter4/system/CodeIgniter.php(507): CodeIgniter\CodeIgniter->runController()
#8 /var/www/html/codeigniter4/system/CodeIgniter.php(354): CodeIgniter\CodeIgniter->handleRequest()
#9 /var/www/html/codeigniter4/system/Boot.php(334): CodeIgniter\CodeIgniter->run()
#10 /var/www/html/codeigniter4/system/Boot.php(67): CodeIgniter\Boot::runCodeIgniter()
#11 /var/www/html/codeigniter4/public/index.php(56): CodeIgniter\Boot::bootWeb()
#12 /var/www/html/codeigniter4/system/rewrite.php(44): require_once('...')
#13 {main}
CRITICAL - 2025-06-05 00:43:04 --> CodeIgniter\Database\Exceptions\DatabaseException: Unable to connect to the database.
Main connection [MySQLi]: Access denied for user '****'@'localhost'
[Method: GET, Route: /]
in SYSTEMPATH/Database/BaseConnection.php on line 467.
 1 SYSTEMPATH/Database/BaseConnection.php(620): CodeIgniter\Database\BaseConnection->initialize()
 2 SYSTEMPATH/Database/BaseBuilder.php(1649): CodeIgniter\Database\BaseConnection->query()
 3 SYSTEMPATH/Model.php(286): CodeIgniter\Database\BaseBuilder->get()
 4 SYSTEMPATH/BaseModel.php(675): CodeIgniter\Model->doFindAll()
 5 APPPATH/Controllers/Home.php(25): CodeIgniter\BaseModel->findAll()
 6 SYSTEMPATH/CodeIgniter.php(933): App\Controllers\Home->index()
 7 SYSTEMPATH/CodeIgniter.php(507): CodeIgniter\CodeIgniter->runController()
 8 SYSTEMPATH/CodeIgniter.php(354): CodeIgniter\CodeIgniter->handleRequest()
 9 SYSTEMPATH/Boot.php(334): CodeIgniter\CodeIgniter->run()
10 SYSTEMPATH/Boot.php(67): CodeIgniter\Boot::runCodeIgniter()
11 FCPATH/index.php(56): CodeIgniter\Boot::bootWeb()
12 SYSTEMPATH/rewrite.php(44): require_once('/var/www/html/codeigniter4/public/index.php')
ERROR - 2025-06-05 00:44:39 --> Error connecting to the database: mysqli_sql_exception: Access denied for user 'cliente'@'localhost' (using password: YES) in /var/www/html/codeigniter4/system/Database/MySQLi/Connection.php:201
Stack trace:
#0 /var/www/html/codeigniter4/system/Database/MySQLi/Connection.php(201): mysqli->real_connect()
#1 /var/www/html/codeigniter4/system/Database/BaseConnection.php(421): CodeIgniter\Database\MySQLi\Connection->connect()
#2 /var/www/html/codeigniter4/system/Database/BaseConnection.php(620): CodeIgniter\Database\BaseConnection->initialize()
#3 /var/www/html/codeigniter4/system/Database/BaseBuilder.php(1649): CodeIgniter\Database\BaseConnection->query()
#4 /var/www/html/codeigniter4/system/Model.php(286): CodeIgniter\Database\BaseBuilder->get()
#5 /var/www/html/codeigniter4/system/BaseModel.php(675): CodeIgniter\Model->doFindAll()
#6 /var/www/html/codeigniter4/app/Controllers/Home.php(25): CodeIgniter\BaseModel->findAll()
#7 /var/www/html/codeigniter4/system/CodeIgniter.php(933): App\Controllers\Home->index()
#8 /var/www/html/codeigniter4/system/CodeIgniter.php(507): CodeIgniter\CodeIgniter->runController()
#9 /var/www/html/codeigniter4/system/CodeIgniter.php(354): CodeIgniter\CodeIgniter->handleRequest()
#10 /var/www/html/codeigniter4/system/Boot.php(334): CodeIgniter\CodeIgniter->run()
#11 /var/www/html/codeigniter4/system/Boot.php(67): CodeIgniter\Boot::runCodeIgniter()
#12 /var/www/html/codeigniter4/public/index.php(56): CodeIgniter\Boot::bootWeb()
#13 /var/www/html/codeigniter4/system/rewrite.php(44): require_once('...')
#14 {main}

Next CodeIgniter\Database\Exceptions\DatabaseException: Access denied for user '****'@'localhost' (using password: YES) in /var/www/html/codeigniter4/system/Database/MySQLi/Connection.php:246
Stack trace:
#0 /var/www/html/codeigniter4/system/Database/BaseConnection.php(421): CodeIgniter\Database\MySQLi\Connection->connect()
#1 /var/www/html/codeigniter4/system/Database/BaseConnection.php(620): CodeIgniter\Database\BaseConnection->initialize()
#2 /var/www/html/codeigniter4/system/Database/BaseBuilder.php(1649): CodeIgniter\Database\BaseConnection->query()
#3 /var/www/html/codeigniter4/system/Model.php(286): CodeIgniter\Database\BaseBuilder->get()
#4 /var/www/html/codeigniter4/system/BaseModel.php(675): CodeIgniter\Model->doFindAll()
#5 /var/www/html/codeigniter4/app/Controllers/Home.php(25): CodeIgniter\BaseModel->findAll()
#6 /var/www/html/codeigniter4/system/CodeIgniter.php(933): App\Controllers\Home->index()
#7 /var/www/html/codeigniter4/system/CodeIgniter.php(507): CodeIgniter\CodeIgniter->runController()
#8 /var/www/html/codeigniter4/system/CodeIgniter.php(354): CodeIgniter\CodeIgniter->handleRequest()
#9 /var/www/html/codeigniter4/system/Boot.php(334): CodeIgniter\CodeIgniter->run()
#10 /var/www/html/codeigniter4/system/Boot.php(67): CodeIgniter\Boot::runCodeIgniter()
#11 /var/www/html/codeigniter4/public/index.php(56): CodeIgniter\Boot::bootWeb()
#12 /var/www/html/codeigniter4/system/rewrite.php(44): require_once('...')
#13 {main}
CRITICAL - 2025-06-05 00:44:39 --> CodeIgniter\Database\Exceptions\DatabaseException: Unable to connect to the database.
Main connection [MySQLi]: Access denied for user '****'@'localhost' (using password: YES)
[Method: GET, Route: /]
in SYSTEMPATH/Database/BaseConnection.php on line 467.
 1 SYSTEMPATH/Database/BaseConnection.php(620): CodeIgniter\Database\BaseConnection->initialize()
 2 SYSTEMPATH/Database/BaseBuilder.php(1649): CodeIgniter\Database\BaseConnection->query()
 3 SYSTEMPATH/Model.php(286): CodeIgniter\Database\BaseBuilder->get()
 4 SYSTEMPATH/BaseModel.php(675): CodeIgniter\Model->doFindAll()
 5 APPPATH/Controllers/Home.php(25): CodeIgniter\BaseModel->findAll()
 6 SYSTEMPATH/CodeIgniter.php(933): App\Controllers\Home->index()
 7 SYSTEMPATH/CodeIgniter.php(507): CodeIgniter\CodeIgniter->runController()
 8 SYSTEMPATH/CodeIgniter.php(354): CodeIgniter\CodeIgniter->handleRequest()
 9 SYSTEMPATH/Boot.php(334): CodeIgniter\CodeIgniter->run()
10 SYSTEMPATH/Boot.php(67): CodeIgniter\Boot::runCodeIgniter()
11 FCPATH/index.php(56): CodeIgniter\Boot::bootWeb()
12 SYSTEMPATH/rewrite.php(44): require_once('/var/www/html/codeigniter4/public/index.php')
ERROR - 2025-06-05 00:45:18 --> mysqli_sql_exception: Table 'projeto.imgprodutos' doesn't exist in /var/www/html/codeigniter4/system/Database/MySQLi/Connection.php:327
Stack trace:
#0 /var/www/html/codeigniter4/system/Database/MySQLi/Connection.php(327): mysqli->query()
#1 /var/www/html/codeigniter4/system/Database/BaseConnection.php(738): CodeIgniter\Database\MySQLi\Connection->execute()
#2 /var/www/html/codeigniter4/system/Database/BaseConnection.php(652): CodeIgniter\Database\BaseConnection->simpleQuery()
#3 /var/www/html/codeigniter4/system/Database/BaseBuilder.php(1649): CodeIgniter\Database\BaseConnection->query()
#4 /var/www/html/codeigniter4/system/Model.php(213): CodeIgniter\Database\BaseBuilder->get()
#5 /var/www/html/codeigniter4/system/BaseModel.php(609): CodeIgniter\Model->doFind()
#6 /var/www/html/codeigniter4/app/Controllers/Home.php(32): CodeIgniter\BaseModel->find()
#7 /var/www/html/codeigniter4/system/CodeIgniter.php(933): App\Controllers\Home->index()
#8 /var/www/html/codeigniter4/system/CodeIgniter.php(507): CodeIgniter\CodeIgniter->runController()
#9 /var/www/html/codeigniter4/system/CodeIgniter.php(354): CodeIgniter\CodeIgniter->handleRequest()
#10 /var/www/html/codeigniter4/system/Boot.php(334): CodeIgniter\CodeIgniter->run()
#11 /var/www/html/codeigniter4/system/Boot.php(67): CodeIgniter\Boot::runCodeIgniter()
#12 /var/www/html/codeigniter4/public/index.php(56): CodeIgniter\Boot::bootWeb()
#13 /var/www/html/codeigniter4/system/rewrite.php(44): require_once('...')
#14 {main}
CRITICAL - 2025-06-05 00:45:18 --> CodeIgniter\Database\Exceptions\DatabaseException: Table 'projeto.imgprodutos' doesn't exist
[Method: GET, Route: /]
in SYSTEMPATH/Database/BaseConnection.php on line 692.
 1 SYSTEMPATH/Database/BaseBuilder.php(1649): CodeIgniter\Database\BaseConnection->query()
 2 SYSTEMPATH/Model.php(213): CodeIgniter\Database\BaseBuilder->get()
 3 SYSTEMPATH/BaseModel.php(609): CodeIgniter\Model->doFind()
 4 APPPATH/Controllers/Home.php(32): CodeIgniter\BaseModel->find()
 5 SYSTEMPATH/CodeIgniter.php(933): App\Controllers\Home->index()
 6 SYSTEMPATH/CodeIgniter.php(507): CodeIgniter\CodeIgniter->runController()
 7 SYSTEMPATH/CodeIgniter.php(354): CodeIgniter\CodeIgniter->handleRequest()
 8 SYSTEMPATH/Boot.php(334): CodeIgniter\CodeIgniter->run()
 9 SYSTEMPATH/Boot.php(67): CodeIgniter\Boot::runCodeIgniter()
10 FCPATH/index.php(56): CodeIgniter\Boot::bootWeb()
11 SYSTEMPATH/rewrite.php(44): require_once('/var/www/html/codeigniter4/public/index.php')
CRITICAL - 2025-06-05 00:45:18 --> [Caused by] CodeIgniter\Database\Exceptions\DatabaseException: Table 'projeto.imgprodutos' doesn't exist
in SYSTEMPATH/Database/MySQLi/Connection.php on line 332.
 1 SYSTEMPATH/Database/BaseConnection.php(738): CodeIgniter\Database\MySQLi\Connection->execute()
 2 SYSTEMPATH/Database/BaseConnection.php(652): CodeIgniter\Database\BaseConnection->simpleQuery()
 3 SYSTEMPATH/Database/BaseBuilder.php(1649): CodeIgniter\Database\BaseConnection->query()
 4 SYSTEMPATH/Model.php(213): CodeIgniter\Database\BaseBuilder->get()
 5 SYSTEMPATH/BaseModel.php(609): CodeIgniter\Model->doFind()
 6 APPPATH/Controllers/Home.php(32): CodeIgniter\BaseModel->find()
 7 SYSTEMPATH/CodeIgniter.php(933): App\Controllers\Home->index()
 8 SYSTEMPATH/CodeIgniter.php(507): CodeIgniter\CodeIgniter->runController()
 9 SYSTEMPATH/CodeIgniter.php(354): CodeIgniter\CodeIgniter->handleRequest()
10 SYSTEMPATH/Boot.php(334): CodeIgniter\CodeIgniter->run()
11 SYSTEMPATH/Boot.php(67): CodeIgniter\Boot::runCodeIgniter()
12 FCPATH/index.php(56): CodeIgniter\Boot::bootWeb()
13 SYSTEMPATH/rewrite.php(44): require_once('/var/www/html/codeigniter4/public/index.php')
CRITICAL - 2025-06-05 00:45:18 --> [Caused by] mysqli_sql_exception: Table 'projeto.imgprodutos' doesn't exist
in SYSTEMPATH/Database/MySQLi/Connection.php on line 327.
 1 SYSTEMPATH/Database/MySQLi/Connection.php(327): mysqli->query()
 2 SYSTEMPATH/Database/BaseConnection.php(738): CodeIgniter\Database\MySQLi\Connection->execute()
 3 SYSTEMPATH/Database/BaseConnection.php(652): CodeIgniter\Database\BaseConnection->simpleQuery()
 4 SYSTEMPATH/Database/BaseBuilder.php(1649): CodeIgniter\Database\BaseConnection->query()
 5 SYSTEMPATH/Model.php(213): CodeIgniter\Database\BaseBuilder->get()
 6 SYSTEMPATH/BaseModel.php(609): CodeIgniter\Model->doFind()
 7 APPPATH/Controllers/Home.php(32): CodeIgniter\BaseModel->find()
 8 SYSTEMPATH/CodeIgniter.php(933): App\Controllers\Home->index()
 9 SYSTEMPATH/CodeIgniter.php(507): CodeIgniter\CodeIgniter->runController()
10 SYSTEMPATH/CodeIgniter.php(354): CodeIgniter\CodeIgniter->handleRequest()
11 SYSTEMPATH/Boot.php(334): CodeIgniter\CodeIgniter->run()
12 SYSTEMPATH/Boot.php(67): CodeIgniter\Boot::runCodeIgniter()
13 FCPATH/index.php(56): CodeIgniter\Boot::bootWeb()
14 SYSTEMPATH/rewrite.php(44): require_once('/var/www/html/codeigniter4/public/index.php')
ERROR - 2025-06-05 00:47:40 --> mysqli_sql_exception: Table 'projeto.imgprodutos' doesn't exist in /var/www/html/codeigniter4/system/Database/MySQLi/Connection.php:327
Stack trace:
#0 /var/www/html/codeigniter4/system/Database/MySQLi/Connection.php(327): mysqli->query()
#1 /var/www/html/codeigniter4/system/Database/BaseConnection.php(738): CodeIgniter\Database\MySQLi\Connection->execute()
#2 /var/www/html/codeigniter4/system/Database/BaseConnection.php(652): CodeIgniter\Database\BaseConnection->simpleQuery()
#3 /var/www/html/codeigniter4/system/Database/BaseBuilder.php(1649): CodeIgniter\Database\BaseConnection->query()
#4 /var/www/html/codeigniter4/system/Model.php(213): CodeIgniter\Database\BaseBuilder->get()
#5 /var/www/html/codeigniter4/system/BaseModel.php(609): CodeIgniter\Model->doFind()
#6 /var/www/html/codeigniter4/app/Controllers/Home.php(32): CodeIgniter\BaseModel->find()
#7 /var/www/html/codeigniter4/system/CodeIgniter.php(933): App\Controllers\Home->index()
#8 /var/www/html/codeigniter4/system/CodeIgniter.php(507): CodeIgniter\CodeIgniter->runController()
#9 /var/www/html/codeigniter4/system/CodeIgniter.php(354): CodeIgniter\CodeIgniter->handleRequest()
#10 /var/www/html/codeigniter4/system/Boot.php(334): CodeIgniter\CodeIgniter->run()
#11 /var/www/html/codeigniter4/system/Boot.php(67): CodeIgniter\Boot::runCodeIgniter()
#12 /var/www/html/codeigniter4/public/index.php(56): CodeIgniter\Boot::bootWeb()
#13 /var/www/html/codeigniter4/system/rewrite.php(44): require_once('...')
#14 {main}
CRITICAL - 2025-06-05 00:47:40 --> CodeIgniter\Database\Exceptions\DatabaseException: Table 'projeto.imgprodutos' doesn't exist
[Method: GET, Route: /]
in SYSTEMPATH/Database/BaseConnection.php on line 692.
 1 SYSTEMPATH/Database/BaseBuilder.php(1649): CodeIgniter\Database\BaseConnection->query()
 2 SYSTEMPATH/Model.php(213): CodeIgniter\Database\BaseBuilder->get()
 3 SYSTEMPATH/BaseModel.php(609): CodeIgniter\Model->doFind()
 4 APPPATH/Controllers/Home.php(32): CodeIgniter\BaseModel->find()
 5 SYSTEMPATH/CodeIgniter.php(933): App\Controllers\Home->index()
 6 SYSTEMPATH/CodeIgniter.php(507): CodeIgniter\CodeIgniter->runController()
 7 SYSTEMPATH/CodeIgniter.php(354): CodeIgniter\CodeIgniter->handleRequest()
 8 SYSTEMPATH/Boot.php(334): CodeIgniter\CodeIgniter->run()
 9 SYSTEMPATH/Boot.php(67): CodeIgniter\Boot::runCodeIgniter()
10 FCPATH/index.php(56): CodeIgniter\Boot::bootWeb()
11 SYSTEMPATH/rewrite.php(44): require_once('/var/www/html/codeigniter4/public/index.php')
CRITICAL - 2025-06-05 00:47:40 --> [Caused by] CodeIgniter\Database\Exceptions\DatabaseException: Table 'projeto.imgprodutos' doesn't exist
in SYSTEMPATH/Database/MySQLi/Connection.php on line 332.
 1 SYSTEMPATH/Database/BaseConnection.php(738): CodeIgniter\Database\MySQLi\Connection->execute()
 2 SYSTEMPATH/Database/BaseConnection.php(652): CodeIgniter\Database\BaseConnection->simpleQuery()
 3 SYSTEMPATH/Database/BaseBuilder.php(1649): CodeIgniter\Database\BaseConnection->query()
 4 SYSTEMPATH/Model.php(213): CodeIgniter\Database\BaseBuilder->get()
 5 SYSTEMPATH/BaseModel.php(609): CodeIgniter\Model->doFind()
 6 APPPATH/Controllers/Home.php(32): CodeIgniter\BaseModel->find()
 7 SYSTEMPATH/CodeIgniter.php(933): App\Controllers\Home->index()
 8 SYSTEMPATH/CodeIgniter.php(507): CodeIgniter\CodeIgniter->runController()
 9 SYSTEMPATH/CodeIgniter.php(354): CodeIgniter\CodeIgniter->handleRequest()
10 SYSTEMPATH/Boot.php(334): CodeIgniter\CodeIgniter->run()
11 SYSTEMPATH/Boot.php(67): CodeIgniter\Boot::runCodeIgniter()
12 FCPATH/index.php(56): CodeIgniter\Boot::bootWeb()
13 SYSTEMPATH/rewrite.php(44): require_once('/var/www/html/codeigniter4/public/index.php')
CRITICAL - 2025-06-05 00:47:40 --> [Caused by] mysqli_sql_exception: Table 'projeto.imgprodutos' doesn't exist
in SYSTEMPATH/Database/MySQLi/Connection.php on line 327.
 1 SYSTEMPATH/Database/MySQLi/Connection.php(327): mysqli->query()
 2 SYSTEMPATH/Database/BaseConnection.php(738): CodeIgniter\Database\MySQLi\Connection->execute()
 3 SYSTEMPATH/Database/BaseConnection.php(652): CodeIgniter\Database\BaseConnection->simpleQuery()
 4 SYSTEMPATH/Database/BaseBuilder.php(1649): CodeIgniter\Database\BaseConnection->query()
 5 SYSTEMPATH/Model.php(213): CodeIgniter\Database\BaseBuilder->get()
 6 SYSTEMPATH/BaseModel.php(609): CodeIgniter\Model->doFind()
 7 APPPATH/Controllers/Home.php(32): CodeIgniter\BaseModel->find()
 8 SYSTEMPATH/CodeIgniter.php(933): App\Controllers\Home->index()
 9 SYSTEMPATH/CodeIgniter.php(507): CodeIgniter\CodeIgniter->runController()
10 SYSTEMPATH/CodeIgniter.php(354): CodeIgniter\CodeIgniter->handleRequest()
11 SYSTEMPATH/Boot.php(334): CodeIgniter\CodeIgniter->run()
12 SYSTEMPATH/Boot.php(67): CodeIgniter\Boot::runCodeIgniter()
13 FCPATH/index.php(56): CodeIgniter\Boot::bootWeb()
14 SYSTEMPATH/rewrite.php(44): require_once('/var/www/html/codeigniter4/public/index.php')
ERROR - 2025-06-05 00:47:42 --> mysqli_sql_exception: Table 'projeto.imgprodutos' doesn't exist in /var/www/html/codeigniter4/system/Database/MySQLi/Connection.php:327
Stack trace:
#0 /var/www/html/codeigniter4/system/Database/MySQLi/Connection.php(327): mysqli->query()
#1 /var/www/html/codeigniter4/system/Database/BaseConnection.php(738): CodeIgniter\Database\MySQLi\Connection->execute()
#2 /var/www/html/codeigniter4/system/Database/BaseConnection.php(652): CodeIgniter\Database\BaseConnection->simpleQuery()
#3 /var/www/html/codeigniter4/system/Database/BaseBuilder.php(1649): CodeIgniter\Database\BaseConnection->query()
#4 /var/www/html/codeigniter4/system/Model.php(213): CodeIgniter\Database\BaseBuilder->get()
#5 /var/www/html/codeigniter4/system/BaseModel.php(609): CodeIgniter\Model->doFind()
#6 /var/www/html/codeigniter4/app/Controllers/Home.php(32): CodeIgniter\BaseModel->find()
#7 /var/www/html/codeigniter4/system/CodeIgniter.php(933): App\Controllers\Home->index()
#8 /var/www/html/codeigniter4/system/CodeIgniter.php(507): CodeIgniter\CodeIgniter->runController()
#9 /var/www/html/codeigniter4/system/CodeIgniter.php(354): CodeIgniter\CodeIgniter->handleRequest()
#10 /var/www/html/codeigniter4/system/Boot.php(334): CodeIgniter\CodeIgniter->run()
#11 /var/www/html/codeigniter4/system/Boot.php(67): CodeIgniter\Boot::runCodeIgniter()
#12 /var/www/html/codeigniter4/public/index.php(56): CodeIgniter\Boot::bootWeb()
#13 /var/www/html/codeigniter4/system/rewrite.php(44): require_once('...')
#14 {main}
CRITICAL - 2025-06-05 00:47:42 --> CodeIgniter\Database\Exceptions\DatabaseException: Table 'projeto.imgprodutos' doesn't exist
[Method: GET, Route: /]
in SYSTEMPATH/Database/BaseConnection.php on line 692.
 1 SYSTEMPATH/Database/BaseBuilder.php(1649): CodeIgniter\Database\BaseConnection->query()
 2 SYSTEMPATH/Model.php(213): CodeIgniter\Database\BaseBuilder->get()
 3 SYSTEMPATH/BaseModel.php(609): CodeIgniter\Model->doFind()
 4 APPPATH/Controllers/Home.php(32): CodeIgniter\BaseModel->find()
 5 SYSTEMPATH/CodeIgniter.php(933): App\Controllers\Home->index()
 6 SYSTEMPATH/CodeIgniter.php(507): CodeIgniter\CodeIgniter->runController()
 7 SYSTEMPATH/CodeIgniter.php(354): CodeIgniter\CodeIgniter->handleRequest()
 8 SYSTEMPATH/Boot.php(334): CodeIgniter\CodeIgniter->run()
 9 SYSTEMPATH/Boot.php(67): CodeIgniter\Boot::runCodeIgniter()
10 FCPATH/index.php(56): CodeIgniter\Boot::bootWeb()
11 SYSTEMPATH/rewrite.php(44): require_once('/var/www/html/codeigniter4/public/index.php')
CRITICAL - 2025-06-05 00:47:42 --> [Caused by] CodeIgniter\Database\Exceptions\DatabaseException: Table 'projeto.imgprodutos' doesn't exist
in SYSTEMPATH/Database/MySQLi/Connection.php on line 332.
 1 SYSTEMPATH/Database/BaseConnection.php(738): CodeIgniter\Database\MySQLi\Connection->execute()
 2 SYSTEMPATH/Database/BaseConnection.php(652): CodeIgniter\Database\BaseConnection->simpleQuery()
 3 SYSTEMPATH/Database/BaseBuilder.php(1649): CodeIgniter\Database\BaseConnection->query()
 4 SYSTEMPATH/Model.php(213): CodeIgniter\Database\BaseBuilder->get()
 5 SYSTEMPATH/BaseModel.php(609): CodeIgniter\Model->doFind()
 6 APPPATH/Controllers/Home.php(32): CodeIgniter\BaseModel->find()
 7 SYSTEMPATH/CodeIgniter.php(933): App\Controllers\Home->index()
 8 SYSTEMPATH/CodeIgniter.php(507): CodeIgniter\CodeIgniter->runController()
 9 SYSTEMPATH/CodeIgniter.php(354): CodeIgniter\CodeIgniter->handleRequest()
10 SYSTEMPATH/Boot.php(334): CodeIgniter\CodeIgniter->run()
11 SYSTEMPATH/Boot.php(67): CodeIgniter\Boot::runCodeIgniter()
12 FCPATH/index.php(56): CodeIgniter\Boot::bootWeb()
13 SYSTEMPATH/rewrite.php(44): require_once('/var/www/html/codeigniter4/public/index.php')
CRITICAL - 2025-06-05 00:47:42 --> [Caused by] mysqli_sql_exception: Table 'projeto.imgprodutos' doesn't exist
in SYSTEMPATH/Database/MySQLi/Connection.php on line 327.
 1 SYSTEMPATH/Database/MySQLi/Connection.php(327): mysqli->query()
 2 SYSTEMPATH/Database/BaseConnection.php(738): CodeIgniter\Database\MySQLi\Connection->execute()
 3 SYSTEMPATH/Database/BaseConnection.php(652): CodeIgniter\Database\BaseConnection->simpleQuery()
 4 SYSTEMPATH/Database/BaseBuilder.php(1649): CodeIgniter\Database\BaseConnection->query()
 5 SYSTEMPATH/Model.php(213): CodeIgniter\Database\BaseBuilder->get()
 6 SYSTEMPATH/BaseModel.php(609): CodeIgniter\Model->doFind()
 7 APPPATH/Controllers/Home.php(32): CodeIgniter\BaseModel->find()
 8 SYSTEMPATH/CodeIgniter.php(933): App\Controllers\Home->index()
 9 SYSTEMPATH/CodeIgniter.php(507): CodeIgniter\CodeIgniter->runController()
10 SYSTEMPATH/CodeIgniter.php(354): CodeIgniter\CodeIgniter->handleRequest()
11 SYSTEMPATH/Boot.php(334): CodeIgniter\CodeIgniter->run()
12 SYSTEMPATH/Boot.php(67): CodeIgniter\Boot::runCodeIgniter()
13 FCPATH/index.php(56): CodeIgniter\Boot::bootWeb()
14 SYSTEMPATH/rewrite.php(44): require_once('/var/www/html/codeigniter4/public/index.php')
ERROR - 2025-06-05 00:47:48 --> mysqli_sql_exception: Table 'projeto.imgprodutos' doesn't exist in /var/www/html/codeigniter4/system/Database/MySQLi/Connection.php:327
Stack trace:
#0 /var/www/html/codeigniter4/system/Database/MySQLi/Connection.php(327): mysqli->query()
#1 /var/www/html/codeigniter4/system/Database/BaseConnection.php(738): CodeIgniter\Database\MySQLi\Connection->execute()
#2 /var/www/html/codeigniter4/system/Database/BaseConnection.php(652): CodeIgniter\Database\BaseConnection->simpleQuery()
#3 /var/www/html/codeigniter4/system/Database/BaseBuilder.php(1649): CodeIgniter\Database\BaseConnection->query()
#4 /var/www/html/codeigniter4/system/Model.php(213): CodeIgniter\Database\BaseBuilder->get()
#5 /var/www/html/codeigniter4/system/BaseModel.php(609): CodeIgniter\Model->doFind()
#6 /var/www/html/codeigniter4/app/Controllers/Home.php(32): CodeIgniter\BaseModel->find()
#7 /var/www/html/codeigniter4/system/CodeIgniter.php(933): App\Controllers\Home->index()
#8 /var/www/html/codeigniter4/system/CodeIgniter.php(507): CodeIgniter\CodeIgniter->runController()
#9 /var/www/html/codeigniter4/system/CodeIgniter.php(354): CodeIgniter\CodeIgniter->handleRequest()
#10 /var/www/html/codeigniter4/system/Boot.php(334): CodeIgniter\CodeIgniter->run()
#11 /var/www/html/codeigniter4/system/Boot.php(67): CodeIgniter\Boot::runCodeIgniter()
#12 /var/www/html/codeigniter4/public/index.php(56): CodeIgniter\Boot::bootWeb()
#13 /var/www/html/codeigniter4/system/rewrite.php(44): require_once('...')
#14 {main}
CRITICAL - 2025-06-05 00:47:48 --> CodeIgniter\Database\Exceptions\DatabaseException: Table 'projeto.imgprodutos' doesn't exist
[Method: GET, Route: /]
in SYSTEMPATH/Database/BaseConnection.php on line 692.
 1 SYSTEMPATH/Database/BaseBuilder.php(1649): CodeIgniter\Database\BaseConnection->query()
 2 SYSTEMPATH/Model.php(213): CodeIgniter\Database\BaseBuilder->get()
 3 SYSTEMPATH/BaseModel.php(609): CodeIgniter\Model->doFind()
 4 APPPATH/Controllers/Home.php(32): CodeIgniter\BaseModel->find()
 5 SYSTEMPATH/CodeIgniter.php(933): App\Controllers\Home->index()
 6 SYSTEMPATH/CodeIgniter.php(507): CodeIgniter\CodeIgniter->runController()
 7 SYSTEMPATH/CodeIgniter.php(354): CodeIgniter\CodeIgniter->handleRequest()
 8 SYSTEMPATH/Boot.php(334): CodeIgniter\CodeIgniter->run()
 9 SYSTEMPATH/Boot.php(67): CodeIgniter\Boot::runCodeIgniter()
10 FCPATH/index.php(56): CodeIgniter\Boot::bootWeb()
11 SYSTEMPATH/rewrite.php(44): require_once('/var/www/html/codeigniter4/public/index.php')
CRITICAL - 2025-06-05 00:47:48 --> [Caused by] CodeIgniter\Database\Exceptions\DatabaseException: Table 'projeto.imgprodutos' doesn't exist
in SYSTEMPATH/Database/MySQLi/Connection.php on line 332.
 1 SYSTEMPATH/Database/BaseConnection.php(738): CodeIgniter\Database\MySQLi\Connection->execute()
 2 SYSTEMPATH/Database/BaseConnection.php(652): CodeIgniter\Database\BaseConnection->simpleQuery()
 3 SYSTEMPATH/Database/BaseBuilder.php(1649): CodeIgniter\Database\BaseConnection->query()
 4 SYSTEMPATH/Model.php(213): CodeIgniter\Database\BaseBuilder->get()
 5 SYSTEMPATH/BaseModel.php(609): CodeIgniter\Model->doFind()
 6 APPPATH/Controllers/Home.php(32): CodeIgniter\BaseModel->find()
 7 SYSTEMPATH/CodeIgniter.php(933): App\Controllers\Home->index()
 8 SYSTEMPATH/CodeIgniter.php(507): CodeIgniter\CodeIgniter->runController()
 9 SYSTEMPATH/CodeIgniter.php(354): CodeIgniter\CodeIgniter->handleRequest()
10 SYSTEMPATH/Boot.php(334): CodeIgniter\CodeIgniter->run()
11 SYSTEMPATH/Boot.php(67): CodeIgniter\Boot::runCodeIgniter()
12 FCPATH/index.php(56): CodeIgniter\Boot::bootWeb()
13 SYSTEMPATH/rewrite.php(44): require_once('/var/www/html/codeigniter4/public/index.php')
CRITICAL - 2025-06-05 00:47:48 --> [Caused by] mysqli_sql_exception: Table 'projeto.imgprodutos' doesn't exist
in SYSTEMPATH/Database/MySQLi/Connection.php on line 327.
 1 SYSTEMPATH/Database/MySQLi/Connection.php(327): mysqli->query()
 2 SYSTEMPATH/Database/BaseConnection.php(738): CodeIgniter\Database\MySQLi\Connection->execute()
 3 SYSTEMPATH/Database/BaseConnection.php(652): CodeIgniter\Database\BaseConnection->simpleQuery()
 4 SYSTEMPATH/Database/BaseBuilder.php(1649): CodeIgniter\Database\BaseConnection->query()
 5 SYSTEMPATH/Model.php(213): CodeIgniter\Database\BaseBuilder->get()
 6 SYSTEMPATH/BaseModel.php(609): CodeIgniter\Model->doFind()
 7 APPPATH/Controllers/Home.php(32): CodeIgniter\BaseModel->find()
 8 SYSTEMPATH/CodeIgniter.php(933): App\Controllers\Home->index()
 9 SYSTEMPATH/CodeIgniter.php(507): CodeIgniter\CodeIgniter->runController()
10 SYSTEMPATH/CodeIgniter.php(354): CodeIgniter\CodeIgniter->handleRequest()
11 SYSTEMPATH/Boot.php(334): CodeIgniter\CodeIgniter->run()
12 SYSTEMPATH/Boot.php(67): CodeIgniter\Boot::runCodeIgniter()
13 FCPATH/index.php(56): CodeIgniter\Boot::bootWeb()
14 SYSTEMPATH/rewrite.php(44): require_once('/var/www/html/codeigniter4/public/index.php')
DEBUG - 2025-06-05 00:50:20 --> Session: Class initialized using 'CodeIgniter\Session\Handlers\FileHandler' driver.
DEBUG - 2025-06-05 00:50:39 --> Session: Class initialized using 'CodeIgniter\Session\Handlers\FileHandler' driver.
DEBUG - 2025-06-05 00:50:40 --> Session: Class initialized using 'CodeIgniter\Session\Handlers\FileHandler' driver.
