DEBUG - 2025-06-01 20:48:28 --> Session: Class initialized using 'CodeIgniter\Session\Handlers\FileHandler' driver.
DEBUG - 2025-06-01 20:52:00 --> Session: Class initialized using 'CodeIgniter\Session\Handlers\FileHandler' driver.
ERROR - 2025-06-01 21:07:26 --> Error connecting to the database: mysqli_sql_exception: Connection refused in /var/www/html/codeigniter4/system/Database/MySQLi/Connection.php:201
Stack trace:
#0 /var/www/html/codeigniter4/system/Database/MySQLi/Connection.php(201): mysqli->real_connect()
#1 /var/www/html/codeigniter4/system/Database/BaseConnection.php(421): CodeIgniter\Database\MySQLi\Connection->connect()
#2 /var/www/html/codeigniter4/system/Database/BaseConnection.php(620): CodeIgniter\Database\BaseConnection->initialize()
#3 /var/www/html/codeigniter4/system/Database/BaseBuilder.php(1649): CodeIgniter\Database\BaseConnection->query()
#4 /var/www/html/codeigniter4/system/Model.php(286): CodeIgniter\Database\BaseBuilder->get()
#5 /var/www/html/codeigniter4/system/BaseModel.php(675): CodeIgniter\Model->doFindAll()
#6 /var/www/html/codeigniter4/app/Controllers/Categorias.php(22): CodeIgniter\BaseModel->findAll()
#7 /var/www/html/codeigniter4/system/CodeIgniter.php(933): App\Controllers\Categorias->index()
#8 /var/www/html/codeigniter4/system/CodeIgniter.php(507): CodeIgniter\CodeIgniter->runController()
#9 /var/www/html/codeigniter4/system/CodeIgniter.php(354): CodeIgniter\CodeIgniter->handleRequest()
#10 /var/www/html/codeigniter4/system/Boot.php(334): CodeIgniter\CodeIgniter->run()
#11 /var/www/html/codeigniter4/system/Boot.php(67): CodeIgniter\Boot::runCodeIgniter()
#12 /var/www/html/codeigniter4/public/index.php(56): CodeIgniter\Boot::bootWeb()
#13 /var/www/html/codeigniter4/system/rewrite.php(44): require_once('...')
#14 {main}

Next CodeIgniter\Database\Exceptions\DatabaseException: Connection refused in /var/www/html/codeigniter4/system/Database/MySQLi/Connection.php:246
Stack trace:
#0 /var/www/html/codeigniter4/system/Database/BaseConnection.php(421): CodeIgniter\Database\MySQLi\Connection->connect()
#1 /var/www/html/codeigniter4/system/Database/BaseConnection.php(620): CodeIgniter\Database\BaseConnection->initialize()
#2 /var/www/html/codeigniter4/system/Database/BaseBuilder.php(1649): CodeIgniter\Database\BaseConnection->query()
#3 /var/www/html/codeigniter4/system/Model.php(286): CodeIgniter\Database\BaseBuilder->get()
#4 /var/www/html/codeigniter4/system/BaseModel.php(675): CodeIgniter\Model->doFindAll()
#5 /var/www/html/codeigniter4/app/Controllers/Categorias.php(22): CodeIgniter\BaseModel->findAll()
#6 /var/www/html/codeigniter4/system/CodeIgniter.php(933): App\Controllers\Categorias->index()
#7 /var/www/html/codeigniter4/system/CodeIgniter.php(507): CodeIgniter\CodeIgniter->runController()
#8 /var/www/html/codeigniter4/system/CodeIgniter.php(354): CodeIgniter\CodeIgniter->handleRequest()
#9 /var/www/html/codeigniter4/system/Boot.php(334): CodeIgniter\CodeIgniter->run()
#10 /var/www/html/codeigniter4/system/Boot.php(67): CodeIgniter\Boot::runCodeIgniter()
#11 /var/www/html/codeigniter4/public/index.php(56): CodeIgniter\Boot::bootWeb()
#12 /var/www/html/codeigniter4/system/rewrite.php(44): require_once('...')
#13 {main}
CRITICAL - 2025-06-01 21:07:26 --> CodeIgniter\Database\Exceptions\DatabaseException: Unable to connect to the database.
Main connection [MySQLi]: Connection refused
[Method: GET, Route: categorias]
in SYSTEMPATH/Database/BaseConnection.php on line 467.
 1 SYSTEMPATH/Database/BaseConnection.php(620): CodeIgniter\Database\BaseConnection->initialize()
 2 SYSTEMPATH/Database/BaseBuilder.php(1649): CodeIgniter\Database\BaseConnection->query()
 3 SYSTEMPATH/Model.php(286): CodeIgniter\Database\BaseBuilder->get()
 4 SYSTEMPATH/BaseModel.php(675): CodeIgniter\Model->doFindAll()
 5 APPPATH/Controllers/Categorias.php(22): CodeIgniter\BaseModel->findAll()
 6 SYSTEMPATH/CodeIgniter.php(933): App\Controllers\Categorias->index()
 7 SYSTEMPATH/CodeIgniter.php(507): CodeIgniter\CodeIgniter->runController()
 8 SYSTEMPATH/CodeIgniter.php(354): CodeIgniter\CodeIgniter->handleRequest()
 9 SYSTEMPATH/Boot.php(334): CodeIgniter\CodeIgniter->run()
10 SYSTEMPATH/Boot.php(67): CodeIgniter\Boot::runCodeIgniter()
11 FCPATH/index.php(56): CodeIgniter\Boot::bootWeb()
12 SYSTEMPATH/rewrite.php(44): require_once('/var/www/html/codeigniter4/public/index.php')
